2021-08-14 12:44:57.962 INFO  com.xuwen.wiki.config.WikiApplication             :55   [32m                  [0;39m Starting WikiApplication using Java 1.8.0_212 on wen2015mbp.lan with PID 89518 (/Users/xuwen/Desktop/springboot/wiki-springboot-vue3/target/classes started by xuwen in /Users/xuwen/Desktop/springboot/wiki-springboot-vue3)
2021-08-14 12:44:57.965 INFO  com.xuwen.wiki.config.WikiApplication             :660  [32m                  [0;39m No active profile set, falling back to default profiles: default
2021-08-14 12:44:58.016 INFO  o.s.b.d.env.DevToolsPropertyDefaultsPostProcessor :255  [32m                  [0;39m Devtools property defaults active! Set 'spring.devtools.add-properties' to 'false' to disable
2021-08-14 12:44:58.017 INFO  o.s.b.d.env.DevToolsPropertyDefaultsPostProcessor :255  [32m                  [0;39m For additional web related logging consider setting the 'logging.level.web' property to 'DEBUG'
2021-08-14 12:44:59.011 INFO  o.s.boot.web.embedded.tomcat.TomcatWebServer      :108  [32m                  [0;39m Tomcat initialized with port(s): 8880 (http)
2021-08-14 12:44:59.019 INFO  org.apache.coyote.http11.Http11NioProtocol        :173  [32m                  [0;39m Initializing ProtocolHandler ["http-nio-8880"]
2021-08-14 12:44:59.020 INFO  org.apache.catalina.core.StandardService          :173  [32m                  [0;39m Starting service [Tomcat]
2021-08-14 12:44:59.020 INFO  org.apache.catalina.core.StandardEngine           :173  [32m                  [0;39m Starting Servlet engine: [Apache Tomcat/9.0.39]
2021-08-14 12:44:59.073 INFO  o.a.c.core.ContainerBase.[Tomcat].[localhost].[/] :173  [32m                  [0;39m Initializing Spring embedded WebApplicationContext
2021-08-14 12:44:59.073 INFO  o.s.b.w.s.c.ServletWebServerApplicationContext    :289  [32m                  [0;39m Root WebApplicationContext: initialization completed in 1056 ms
2021-08-14 12:44:59.606 INFO  o.s.scheduling.concurrent.ThreadPoolTaskExecutor  :181  [32m                  [0;39m Initializing ExecutorService 'applicationTaskExecutor'
2021-08-14 12:44:59.851 INFO  o.s.b.d.autoconfigure.OptionalLiveReloadServer    :58   [32m                  [0;39m LiveReload server is running on port 35729
2021-08-14 12:44:59.869 INFO  org.apache.coyote.http11.Http11NioProtocol        :173  [32m                  [0;39m Starting ProtocolHandler ["http-nio-8880"]
2021-08-14 12:44:59.897 INFO  o.s.boot.web.embedded.tomcat.TomcatWebServer      :220  [32m                  [0;39m Tomcat started on port(s): 8880 (http) with context path ''
2021-08-14 12:44:59.910 INFO  com.xuwen.wiki.config.WikiApplication             :61   [32m                  [0;39m Started WikiApplication in 2.402 seconds (JVM running for 2.983)
2021-08-14 12:44:59.913 INFO  com.xuwen.wiki.config.WikiApplication             :23   [32m                  [0;39m 启动成功！！！success
2021-08-14 12:44:59.914 INFO  com.xuwen.wiki.config.WikiApplication             :24   [32m                  [0;39m 地址：	http://127.0.0.1:8880
2021-08-14 12:45:03.683 INFO  o.a.c.core.ContainerBase.[Tomcat].[localhost].[/] :173  [32m                  [0;39m Initializing Spring DispatcherServlet 'dispatcherServlet'
2021-08-14 12:45:03.685 INFO  org.springframework.web.servlet.DispatcherServlet :525  [32m                  [0;39m Initializing Servlet 'dispatcherServlet'
2021-08-14 12:45:03.687 INFO  org.springframework.web.servlet.DispatcherServlet :547  [32m                  [0;39m Completed initialization in 1 ms
2021-08-14 12:45:48.693 INFO  o.s.scheduling.concurrent.ThreadPoolTaskExecutor  :218  [32m                  [0;39m Shutting down ExecutorService 'applicationTaskExecutor'
2021-08-14 12:50:40.913 INFO  com.xuwen.wiki.config.WikiApplication             :55   [32m                  [0;39m Starting WikiApplication using Java 1.8.0_212 on wen2015mbp.lan with PID 89597 (/Users/xuwen/Desktop/springboot/wiki-springboot-vue3/target/classes started by xuwen in /Users/xuwen/Desktop/springboot/wiki-springboot-vue3)
2021-08-14 12:50:40.916 INFO  com.xuwen.wiki.config.WikiApplication             :660  [32m                  [0;39m No active profile set, falling back to default profiles: default
2021-08-14 12:50:40.967 INFO  o.s.b.d.env.DevToolsPropertyDefaultsPostProcessor :255  [32m                  [0;39m Devtools property defaults active! Set 'spring.devtools.add-properties' to 'false' to disable
2021-08-14 12:50:40.967 INFO  o.s.b.d.env.DevToolsPropertyDefaultsPostProcessor :255  [32m                  [0;39m For additional web related logging consider setting the 'logging.level.web' property to 'DEBUG'
2021-08-14 12:50:41.951 INFO  o.s.boot.web.embedded.tomcat.TomcatWebServer      :108  [32m                  [0;39m Tomcat initialized with port(s): 8880 (http)
2021-08-14 12:50:41.959 INFO  org.apache.coyote.http11.Http11NioProtocol        :173  [32m                  [0;39m Initializing ProtocolHandler ["http-nio-8880"]
2021-08-14 12:50:41.960 INFO  org.apache.catalina.core.StandardService          :173  [32m                  [0;39m Starting service [Tomcat]
2021-08-14 12:50:41.960 INFO  org.apache.catalina.core.StandardEngine           :173  [32m                  [0;39m Starting Servlet engine: [Apache Tomcat/9.0.39]
2021-08-14 12:50:42.012 INFO  o.a.c.core.ContainerBase.[Tomcat].[localhost].[/] :173  [32m                  [0;39m Initializing Spring embedded WebApplicationContext
2021-08-14 12:50:42.012 INFO  o.s.b.w.s.c.ServletWebServerApplicationContext    :289  [32m                  [0;39m Root WebApplicationContext: initialization completed in 1044 ms
2021-08-14 12:50:42.468 INFO  o.s.scheduling.concurrent.ThreadPoolTaskExecutor  :181  [32m                  [0;39m Initializing ExecutorService 'applicationTaskExecutor'
2021-08-14 12:50:42.683 INFO  o.s.b.d.autoconfigure.OptionalLiveReloadServer    :58   [32m                  [0;39m LiveReload server is running on port 35729
2021-08-14 12:50:42.707 INFO  org.apache.coyote.http11.Http11NioProtocol        :173  [32m                  [0;39m Starting ProtocolHandler ["http-nio-8880"]
2021-08-14 12:50:42.737 INFO  o.s.boot.web.embedded.tomcat.TomcatWebServer      :220  [32m                  [0;39m Tomcat started on port(s): 8880 (http) with context path ''
2021-08-14 12:50:42.748 INFO  com.xuwen.wiki.config.WikiApplication             :61   [32m                  [0;39m Started WikiApplication in 2.218 seconds (JVM running for 2.824)
2021-08-14 12:50:42.751 INFO  com.xuwen.wiki.config.WikiApplication             :23   [32m                  [0;39m 启动成功！！！success
2021-08-14 12:50:42.751 INFO  com.xuwen.wiki.config.WikiApplication             :24   [32m                  [0;39m 地址：	http://127.0.0.1:8880
2021-08-14 12:50:46.546 INFO  o.a.c.core.ContainerBase.[Tomcat].[localhost].[/] :173  [32m                  [0;39m Initializing Spring DispatcherServlet 'dispatcherServlet'
2021-08-14 12:50:46.546 INFO  org.springframework.web.servlet.DispatcherServlet :525  [32m                  [0;39m Initializing Servlet 'dispatcherServlet'
2021-08-14 12:50:46.548 INFO  org.springframework.web.servlet.DispatcherServlet :547  [32m                  [0;39m Completed initialization in 2 ms
2021-08-14 12:51:34.349 INFO  o.s.scheduling.concurrent.ThreadPoolTaskExecutor  :218  [32m                  [0;39m Shutting down ExecutorService 'applicationTaskExecutor'
2021-08-14 13:40:42.086 INFO  com.xuwen.wiki.config.WikiApplication             :55   [32m                  [0;39m Starting WikiApplication using Java 1.8.0_212 on wen2015mbp.lan with PID 89770 (/Users/xuwen/Desktop/springboot/wiki-springboot-vue3/target/classes started by xuwen in /Users/xuwen/Desktop/springboot/wiki-springboot-vue3)
2021-08-14 13:40:42.090 INFO  com.xuwen.wiki.config.WikiApplication             :660  [32m                  [0;39m No active profile set, falling back to default profiles: default
2021-08-14 13:40:42.140 INFO  o.s.b.d.env.DevToolsPropertyDefaultsPostProcessor :255  [32m                  [0;39m Devtools property defaults active! Set 'spring.devtools.add-properties' to 'false' to disable
2021-08-14 13:40:42.140 INFO  o.s.b.d.env.DevToolsPropertyDefaultsPostProcessor :255  [32m                  [0;39m For additional web related logging consider setting the 'logging.level.web' property to 'DEBUG'
2021-08-14 13:40:42.982 INFO  o.s.boot.web.embedded.tomcat.TomcatWebServer      :108  [32m                  [0;39m Tomcat initialized with port(s): 8880 (http)
2021-08-14 13:40:42.989 INFO  org.apache.coyote.http11.Http11NioProtocol        :173  [32m                  [0;39m Initializing ProtocolHandler ["http-nio-8880"]
2021-08-14 13:40:42.989 INFO  org.apache.catalina.core.StandardService          :173  [32m                  [0;39m Starting service [Tomcat]
2021-08-14 13:40:42.990 INFO  org.apache.catalina.core.StandardEngine           :173  [32m                  [0;39m Starting Servlet engine: [Apache Tomcat/9.0.39]
2021-08-14 13:40:43.040 INFO  o.a.c.core.ContainerBase.[Tomcat].[localhost].[/] :173  [32m                  [0;39m Initializing Spring embedded WebApplicationContext
2021-08-14 13:40:43.041 INFO  o.s.b.w.s.c.ServletWebServerApplicationContext    :289  [32m                  [0;39m Root WebApplicationContext: initialization completed in 899 ms
2021-08-14 13:40:43.465 INFO  o.s.scheduling.concurrent.ThreadPoolTaskExecutor  :181  [32m                  [0;39m Initializing ExecutorService 'applicationTaskExecutor'
2021-08-14 13:40:43.655 INFO  o.s.b.d.autoconfigure.OptionalLiveReloadServer    :58   [32m                  [0;39m LiveReload server is running on port 35729
2021-08-14 13:40:43.673 INFO  org.apache.coyote.http11.Http11NioProtocol        :173  [32m                  [0;39m Starting ProtocolHandler ["http-nio-8880"]
2021-08-14 13:40:43.699 INFO  o.s.boot.web.embedded.tomcat.TomcatWebServer      :220  [32m                  [0;39m Tomcat started on port(s): 8880 (http) with context path ''
2021-08-14 13:40:43.711 INFO  com.xuwen.wiki.config.WikiApplication             :61   [32m                  [0;39m Started WikiApplication in 1.989 seconds (JVM running for 2.507)
2021-08-14 13:40:43.714 INFO  com.xuwen.wiki.config.WikiApplication             :23   [32m                  [0;39m 启动成功！！！success
2021-08-14 13:40:43.714 INFO  com.xuwen.wiki.config.WikiApplication             :24   [32m                  [0;39m 地址：	http://127.0.0.1:8880
2021-08-14 13:40:50.525 INFO  o.a.c.core.ContainerBase.[Tomcat].[localhost].[/] :173  [32m                  [0;39m Initializing Spring DispatcherServlet 'dispatcherServlet'
2021-08-14 13:40:50.526 INFO  org.springframework.web.servlet.DispatcherServlet :525  [32m                  [0;39m Initializing Servlet 'dispatcherServlet'
2021-08-14 13:40:50.528 INFO  org.springframework.web.servlet.DispatcherServlet :547  [32m                  [0;39m Completed initialization in 1 ms
2021-08-14 13:42:25.251 INFO  o.s.scheduling.concurrent.ThreadPoolTaskExecutor  :218  [32m                  [0;39m Shutting down ExecutorService 'applicationTaskExecutor'
2021-08-14 13:42:25.377 INFO  com.xuwen.wiki.config.WikiApplication             :55   [32m                  [0;39m Starting WikiApplication using Java 1.8.0_212 on wen2015mbp.lan with PID 89770 (/Users/xuwen/Desktop/springboot/wiki-springboot-vue3/target/classes started by xuwen in /Users/xuwen/Desktop/springboot/wiki-springboot-vue3)
2021-08-14 13:42:25.377 INFO  com.xuwen.wiki.config.WikiApplication             :660  [32m                  [0;39m No active profile set, falling back to default profiles: default
2021-08-14 13:42:25.559 INFO  o.s.boot.web.embedded.tomcat.TomcatWebServer      :108  [32m                  [0;39m Tomcat initialized with port(s): 8880 (http)
2021-08-14 13:42:25.559 INFO  org.apache.coyote.http11.Http11NioProtocol        :173  [32m                  [0;39m Initializing ProtocolHandler ["http-nio-8880"]
2021-08-14 13:42:25.560 INFO  org.apache.catalina.core.StandardService          :173  [32m                  [0;39m Starting service [Tomcat]
2021-08-14 13:42:25.560 INFO  org.apache.catalina.core.StandardEngine           :173  [32m                  [0;39m Starting Servlet engine: [Apache Tomcat/9.0.39]
2021-08-14 13:42:25.567 INFO  o.a.c.core.ContainerBase.[Tomcat].[localhost].[/] :173  [32m                  [0;39m Initializing Spring embedded WebApplicationContext
2021-08-14 13:42:25.567 INFO  o.s.b.w.s.c.ServletWebServerApplicationContext    :289  [32m                  [0;39m Root WebApplicationContext: initialization completed in 187 ms
2021-08-14 13:42:25.719 INFO  o.s.scheduling.concurrent.ThreadPoolTaskExecutor  :181  [32m                  [0;39m Initializing ExecutorService 'applicationTaskExecutor'
2021-08-14 13:42:25.784 INFO  o.s.b.d.autoconfigure.OptionalLiveReloadServer    :58   [32m                  [0;39m LiveReload server is running on port 35729
2021-08-14 13:42:25.795 INFO  org.apache.coyote.http11.Http11NioProtocol        :173  [32m                  [0;39m Starting ProtocolHandler ["http-nio-8880"]
2021-08-14 13:42:25.797 INFO  o.s.boot.web.embedded.tomcat.TomcatWebServer      :220  [32m                  [0;39m Tomcat started on port(s): 8880 (http) with context path ''
2021-08-14 13:42:25.800 INFO  com.xuwen.wiki.config.WikiApplication             :61   [32m                  [0;39m Started WikiApplication in 0.456 seconds (JVM running for 104.603)
2021-08-14 13:42:25.802 INFO  o.s.b.d.a.ConditionEvaluationDeltaLoggingListener :63   [32m                  [0;39m Condition evaluation unchanged
2021-08-14 13:42:25.803 INFO  com.xuwen.wiki.config.WikiApplication             :23   [32m                  [0;39m 启动成功！！！success
2021-08-14 13:42:25.803 INFO  com.xuwen.wiki.config.WikiApplication             :24   [32m                  [0;39m 地址：	http://127.0.0.1:8880
2021-08-14 13:42:33.893 INFO  o.s.scheduling.concurrent.ThreadPoolTaskExecutor  :218  [32m                  [0;39m Shutting down ExecutorService 'applicationTaskExecutor'
2021-08-14 13:42:34.022 INFO  com.xuwen.wiki.config.WikiApplication             :55   [32m                  [0;39m Starting WikiApplication using Java 1.8.0_212 on wen2015mbp.lan with PID 89770 (/Users/xuwen/Desktop/springboot/wiki-springboot-vue3/target/classes started by xuwen in /Users/xuwen/Desktop/springboot/wiki-springboot-vue3)
2021-08-14 13:42:34.022 INFO  com.xuwen.wiki.config.WikiApplication             :660  [32m                  [0;39m No active profile set, falling back to default profiles: default
2021-08-14 13:42:34.184 INFO  o.s.boot.web.embedded.tomcat.TomcatWebServer      :108  [32m                  [0;39m Tomcat initialized with port(s): 8880 (http)
2021-08-14 13:42:34.184 INFO  org.apache.coyote.http11.Http11NioProtocol        :173  [32m                  [0;39m Initializing ProtocolHandler ["http-nio-8880"]
2021-08-14 13:42:34.185 INFO  org.apache.catalina.core.StandardService          :173  [32m                  [0;39m Starting service [Tomcat]
2021-08-14 13:42:34.185 INFO  org.apache.catalina.core.StandardEngine           :173  [32m                  [0;39m Starting Servlet engine: [Apache Tomcat/9.0.39]
2021-08-14 13:42:34.196 INFO  o.a.c.core.ContainerBase.[Tomcat].[localhost].[/] :173  [32m                  [0;39m Initializing Spring embedded WebApplicationContext
2021-08-14 13:42:34.196 INFO  o.s.b.w.s.c.ServletWebServerApplicationContext    :289  [32m                  [0;39m Root WebApplicationContext: initialization completed in 171 ms
2021-08-14 13:42:34.308 INFO  o.s.scheduling.concurrent.ThreadPoolTaskExecutor  :181  [32m                  [0;39m Initializing ExecutorService 'applicationTaskExecutor'
2021-08-14 13:42:34.352 INFO  o.s.b.d.autoconfigure.OptionalLiveReloadServer    :58   [32m                  [0;39m LiveReload server is running on port 35729
2021-08-14 13:42:34.360 INFO  org.apache.coyote.http11.Http11NioProtocol        :173  [32m                  [0;39m Starting ProtocolHandler ["http-nio-8880"]
2021-08-14 13:42:34.362 INFO  o.s.boot.web.embedded.tomcat.TomcatWebServer      :220  [32m                  [0;39m Tomcat started on port(s): 8880 (http) with context path ''
2021-08-14 13:42:34.366 INFO  com.xuwen.wiki.config.WikiApplication             :61   [32m                  [0;39m Started WikiApplication in 0.369 seconds (JVM running for 113.169)
2021-08-14 13:42:34.367 INFO  o.s.b.d.a.ConditionEvaluationDeltaLoggingListener :63   [32m                  [0;39m Condition evaluation unchanged
2021-08-14 13:42:34.368 INFO  com.xuwen.wiki.config.WikiApplication             :23   [32m                  [0;39m 启动成功！！！success
2021-08-14 13:42:34.368 INFO  com.xuwen.wiki.config.WikiApplication             :24   [32m                  [0;39m 地址：	http://127.0.0.1:8880
2021-08-14 13:42:59.216 INFO  o.s.scheduling.concurrent.ThreadPoolTaskExecutor  :218  [32m                  [0;39m Shutting down ExecutorService 'applicationTaskExecutor'
2021-08-14 13:42:59.324 INFO  com.xuwen.wiki.config.WikiApplication             :55   [32m                  [0;39m Starting WikiApplication using Java 1.8.0_212 on wen2015mbp.lan with PID 89770 (/Users/xuwen/Desktop/springboot/wiki-springboot-vue3/target/classes started by xuwen in /Users/xuwen/Desktop/springboot/wiki-springboot-vue3)
2021-08-14 13:42:59.324 INFO  com.xuwen.wiki.config.WikiApplication             :660  [32m                  [0;39m No active profile set, falling back to default profiles: default
2021-08-14 13:42:59.480 INFO  o.s.boot.web.embedded.tomcat.TomcatWebServer      :108  [32m                  [0;39m Tomcat initialized with port(s): 8880 (http)
2021-08-14 13:42:59.481 INFO  org.apache.coyote.http11.Http11NioProtocol        :173  [32m                  [0;39m Initializing ProtocolHandler ["http-nio-8880"]
2021-08-14 13:42:59.481 INFO  org.apache.catalina.core.StandardService          :173  [32m                  [0;39m Starting service [Tomcat]
2021-08-14 13:42:59.481 INFO  org.apache.catalina.core.StandardEngine           :173  [32m                  [0;39m Starting Servlet engine: [Apache Tomcat/9.0.39]
2021-08-14 13:42:59.487 INFO  o.a.c.core.ContainerBase.[Tomcat].[localhost].[/] :173  [32m                  [0;39m Initializing Spring embedded WebApplicationContext
2021-08-14 13:42:59.487 INFO  o.s.b.w.s.c.ServletWebServerApplicationContext    :289  [32m                  [0;39m Root WebApplicationContext: initialization completed in 161 ms
2021-08-14 13:42:59.583 INFO  o.s.scheduling.concurrent.ThreadPoolTaskExecutor  :181  [32m                  [0;39m Initializing ExecutorService 'applicationTaskExecutor'
2021-08-14 13:42:59.619 INFO  o.s.b.d.autoconfigure.OptionalLiveReloadServer    :58   [32m                  [0;39m LiveReload server is running on port 35729
2021-08-14 13:42:59.627 INFO  org.apache.coyote.http11.Http11NioProtocol        :173  [32m                  [0;39m Starting ProtocolHandler ["http-nio-8880"]
2021-08-14 13:42:59.629 INFO  o.s.boot.web.embedded.tomcat.TomcatWebServer      :220  [32m                  [0;39m Tomcat started on port(s): 8880 (http) with context path ''
2021-08-14 13:42:59.633 INFO  com.xuwen.wiki.config.WikiApplication             :61   [32m                  [0;39m Started WikiApplication in 0.337 seconds (JVM running for 138.437)
2021-08-14 13:42:59.634 INFO  o.s.b.d.a.ConditionEvaluationDeltaLoggingListener :63   [32m                  [0;39m Condition evaluation unchanged
2021-08-14 13:42:59.634 INFO  com.xuwen.wiki.config.WikiApplication             :23   [32m                  [0;39m 启动成功！！！success
2021-08-14 13:42:59.635 INFO  com.xuwen.wiki.config.WikiApplication             :24   [32m                  [0;39m 地址：	http://127.0.0.1:8880
2021-08-14 13:43:10.716 INFO  o.s.scheduling.concurrent.ThreadPoolTaskExecutor  :218  [32m                  [0;39m Shutting down ExecutorService 'applicationTaskExecutor'
2021-08-14 13:43:10.814 INFO  com.xuwen.wiki.config.WikiApplication             :55   [32m                  [0;39m Starting WikiApplication using Java 1.8.0_212 on wen2015mbp.lan with PID 89770 (/Users/xuwen/Desktop/springboot/wiki-springboot-vue3/target/classes started by xuwen in /Users/xuwen/Desktop/springboot/wiki-springboot-vue3)
2021-08-14 13:43:10.815 INFO  com.xuwen.wiki.config.WikiApplication             :660  [32m                  [0;39m No active profile set, falling back to default profiles: default
2021-08-14 13:43:10.959 INFO  o.s.boot.web.embedded.tomcat.TomcatWebServer      :108  [32m                  [0;39m Tomcat initialized with port(s): 8880 (http)
2021-08-14 13:43:10.959 INFO  org.apache.coyote.http11.Http11NioProtocol        :173  [32m                  [0;39m Initializing ProtocolHandler ["http-nio-8880"]
2021-08-14 13:43:10.959 INFO  org.apache.catalina.core.StandardService          :173  [32m                  [0;39m Starting service [Tomcat]
2021-08-14 13:43:10.960 INFO  org.apache.catalina.core.StandardEngine           :173  [32m                  [0;39m Starting Servlet engine: [Apache Tomcat/9.0.39]
2021-08-14 13:43:10.966 INFO  o.a.c.core.ContainerBase.[Tomcat].[localhost].[/] :173  [32m                  [0;39m Initializing Spring embedded WebApplicationContext
2021-08-14 13:43:10.966 INFO  o.s.b.w.s.c.ServletWebServerApplicationContext    :289  [32m                  [0;39m Root WebApplicationContext: initialization completed in 149 ms
2021-08-14 13:43:11.058 INFO  o.s.scheduling.concurrent.ThreadPoolTaskExecutor  :181  [32m                  [0;39m Initializing ExecutorService 'applicationTaskExecutor'
2021-08-14 13:43:11.091 INFO  o.s.b.d.autoconfigure.OptionalLiveReloadServer    :58   [32m                  [0;39m LiveReload server is running on port 35729
2021-08-14 13:43:11.100 INFO  org.apache.coyote.http11.Http11NioProtocol        :173  [32m                  [0;39m Starting ProtocolHandler ["http-nio-8880"]
2021-08-14 13:43:11.102 INFO  o.s.boot.web.embedded.tomcat.TomcatWebServer      :220  [32m                  [0;39m Tomcat started on port(s): 8880 (http) with context path ''
2021-08-14 13:43:11.106 INFO  com.xuwen.wiki.config.WikiApplication             :61   [32m                  [0;39m Started WikiApplication in 0.314 seconds (JVM running for 149.911)
2021-08-14 13:43:11.107 INFO  o.s.b.d.a.ConditionEvaluationDeltaLoggingListener :63   [32m                  [0;39m Condition evaluation unchanged
2021-08-14 13:43:11.108 INFO  com.xuwen.wiki.config.WikiApplication             :23   [32m                  [0;39m 启动成功！！！success
2021-08-14 13:43:11.108 INFO  com.xuwen.wiki.config.WikiApplication             :24   [32m                  [0;39m 地址：	http://127.0.0.1:8880
2021-08-14 13:43:20.787 INFO  o.s.scheduling.concurrent.ThreadPoolTaskExecutor  :218  [32m                  [0;39m Shutting down ExecutorService 'applicationTaskExecutor'
2021-08-14 13:43:20.880 INFO  com.xuwen.wiki.config.WikiApplication             :55   [32m                  [0;39m Starting WikiApplication using Java 1.8.0_212 on wen2015mbp.lan with PID 89770 (/Users/xuwen/Desktop/springboot/wiki-springboot-vue3/target/classes started by xuwen in /Users/xuwen/Desktop/springboot/wiki-springboot-vue3)
2021-08-14 13:43:20.880 INFO  com.xuwen.wiki.config.WikiApplication             :660  [32m                  [0;39m No active profile set, falling back to default profiles: default
2021-08-14 13:43:21.030 INFO  o.s.boot.web.embedded.tomcat.TomcatWebServer      :108  [32m                  [0;39m Tomcat initialized with port(s): 8880 (http)
2021-08-14 13:43:21.031 INFO  org.apache.coyote.http11.Http11NioProtocol        :173  [32m                  [0;39m Initializing ProtocolHandler ["http-nio-8880"]
2021-08-14 13:43:21.031 INFO  org.apache.catalina.core.StandardService          :173  [32m                  [0;39m Starting service [Tomcat]
2021-08-14 13:43:21.032 INFO  org.apache.catalina.core.StandardEngine           :173  [32m                  [0;39m Starting Servlet engine: [Apache Tomcat/9.0.39]
2021-08-14 13:43:21.038 INFO  o.a.c.core.ContainerBase.[Tomcat].[localhost].[/] :173  [32m                  [0;39m Initializing Spring embedded WebApplicationContext
2021-08-14 13:43:21.038 INFO  o.s.b.w.s.c.ServletWebServerApplicationContext    :289  [32m                  [0;39m Root WebApplicationContext: initialization completed in 154 ms
2021-08-14 13:43:21.136 INFO  o.s.scheduling.concurrent.ThreadPoolTaskExecutor  :181  [32m                  [0;39m Initializing ExecutorService 'applicationTaskExecutor'
2021-08-14 13:43:21.175 INFO  o.s.b.d.autoconfigure.OptionalLiveReloadServer    :58   [32m                  [0;39m LiveReload server is running on port 35729
2021-08-14 13:43:21.184 INFO  org.apache.coyote.http11.Http11NioProtocol        :173  [32m                  [0;39m Starting ProtocolHandler ["http-nio-8880"]
2021-08-14 13:43:21.185 INFO  o.s.boot.web.embedded.tomcat.TomcatWebServer      :220  [32m                  [0;39m Tomcat started on port(s): 8880 (http) with context path ''
2021-08-14 13:43:21.188 INFO  com.xuwen.wiki.config.WikiApplication             :61   [32m                  [0;39m Started WikiApplication in 0.35 seconds (JVM running for 159.994)
2021-08-14 13:43:21.189 INFO  o.s.b.d.a.ConditionEvaluationDeltaLoggingListener :63   [32m                  [0;39m Condition evaluation unchanged
2021-08-14 13:43:21.190 INFO  com.xuwen.wiki.config.WikiApplication             :23   [32m                  [0;39m 启动成功！！！success
2021-08-14 13:43:21.190 INFO  com.xuwen.wiki.config.WikiApplication             :24   [32m                  [0;39m 地址：	http://127.0.0.1:8880
2021-08-14 13:44:58.006 INFO  o.a.c.core.ContainerBase.[Tomcat].[localhost].[/] :173  [32m                  [0;39m Initializing Spring DispatcherServlet 'dispatcherServlet'
2021-08-14 13:44:58.007 INFO  org.springframework.web.servlet.DispatcherServlet :525  [32m                  [0;39m Initializing Servlet 'dispatcherServlet'
2021-08-14 13:44:58.007 INFO  org.springframework.web.servlet.DispatcherServlet :547  [32m                  [0;39m Completed initialization in 0 ms
2021-08-14 13:45:04.276 INFO  o.s.scheduling.concurrent.ThreadPoolTaskExecutor  :218  [32m                  [0;39m Shutting down ExecutorService 'applicationTaskExecutor'
2021-08-14 13:45:04.399 INFO  com.xuwen.wiki.config.WikiApplication             :55   [32m                  [0;39m Starting WikiApplication using Java 1.8.0_212 on wen2015mbp.lan with PID 89770 (/Users/xuwen/Desktop/springboot/wiki-springboot-vue3/target/classes started by xuwen in /Users/xuwen/Desktop/springboot/wiki-springboot-vue3)
2021-08-14 13:45:04.400 INFO  com.xuwen.wiki.config.WikiApplication             :660  [32m                  [0;39m No active profile set, falling back to default profiles: default
2021-08-14 13:45:04.544 INFO  o.s.boot.web.embedded.tomcat.TomcatWebServer      :108  [32m                  [0;39m Tomcat initialized with port(s): 8880 (http)
2021-08-14 13:45:04.544 INFO  org.apache.coyote.http11.Http11NioProtocol        :173  [32m                  [0;39m Initializing ProtocolHandler ["http-nio-8880"]
2021-08-14 13:45:04.545 INFO  org.apache.catalina.core.StandardService          :173  [32m                  [0;39m Starting service [Tomcat]
2021-08-14 13:45:04.545 INFO  org.apache.catalina.core.StandardEngine           :173  [32m                  [0;39m Starting Servlet engine: [Apache Tomcat/9.0.39]
2021-08-14 13:45:04.551 INFO  o.a.c.core.ContainerBase.[Tomcat].[localhost].[/] :173  [32m                  [0;39m Initializing Spring embedded WebApplicationContext
2021-08-14 13:45:04.551 INFO  o.s.b.w.s.c.ServletWebServerApplicationContext    :289  [32m                  [0;39m Root WebApplicationContext: initialization completed in 150 ms
2021-08-14 13:45:04.641 INFO  o.s.scheduling.concurrent.ThreadPoolTaskExecutor  :181  [32m                  [0;39m Initializing ExecutorService 'applicationTaskExecutor'
2021-08-14 13:45:04.676 INFO  o.s.b.d.autoconfigure.OptionalLiveReloadServer    :58   [32m                  [0;39m LiveReload server is running on port 35729
2021-08-14 13:45:04.684 INFO  org.apache.coyote.http11.Http11NioProtocol        :173  [32m                  [0;39m Starting ProtocolHandler ["http-nio-8880"]
2021-08-14 13:45:04.686 INFO  o.s.boot.web.embedded.tomcat.TomcatWebServer      :220  [32m                  [0;39m Tomcat started on port(s): 8880 (http) with context path ''
2021-08-14 13:45:04.690 INFO  com.xuwen.wiki.config.WikiApplication             :61   [32m                  [0;39m Started WikiApplication in 0.316 seconds (JVM running for 263.502)
2021-08-14 13:45:04.691 INFO  o.s.b.d.a.ConditionEvaluationDeltaLoggingListener :63   [32m                  [0;39m Condition evaluation unchanged
2021-08-14 13:45:04.692 INFO  com.xuwen.wiki.config.WikiApplication             :23   [32m                  [0;39m 启动成功！！！success
2021-08-14 13:45:04.692 INFO  com.xuwen.wiki.config.WikiApplication             :24   [32m                  [0;39m 地址：	http://127.0.0.1:8880
2021-08-14 13:45:51.811 INFO  o.s.scheduling.concurrent.ThreadPoolTaskExecutor  :218  [32m                  [0;39m Shutting down ExecutorService 'applicationTaskExecutor'
2021-08-14 13:45:51.903 INFO  com.xuwen.wiki.config.WikiApplication             :55   [32m                  [0;39m Starting WikiApplication using Java 1.8.0_212 on wen2015mbp.lan with PID 89770 (/Users/xuwen/Desktop/springboot/wiki-springboot-vue3/target/classes started by xuwen in /Users/xuwen/Desktop/springboot/wiki-springboot-vue3)
2021-08-14 13:45:51.904 INFO  com.xuwen.wiki.config.WikiApplication             :660  [32m                  [0;39m No active profile set, falling back to default profiles: default
2021-08-14 13:45:52.036 INFO  o.s.boot.web.embedded.tomcat.TomcatWebServer      :108  [32m                  [0;39m Tomcat initialized with port(s): 8880 (http)
2021-08-14 13:45:52.037 INFO  org.apache.coyote.http11.Http11NioProtocol        :173  [32m                  [0;39m Initializing ProtocolHandler ["http-nio-8880"]
2021-08-14 13:45:52.037 INFO  org.apache.catalina.core.StandardService          :173  [32m                  [0;39m Starting service [Tomcat]
2021-08-14 13:45:52.037 INFO  org.apache.catalina.core.StandardEngine           :173  [32m                  [0;39m Starting Servlet engine: [Apache Tomcat/9.0.39]
2021-08-14 13:45:52.043 INFO  o.a.c.core.ContainerBase.[Tomcat].[localhost].[/] :173  [32m                  [0;39m Initializing Spring embedded WebApplicationContext
2021-08-14 13:45:52.043 INFO  o.s.b.w.s.c.ServletWebServerApplicationContext    :289  [32m                  [0;39m Root WebApplicationContext: initialization completed in 137 ms
2021-08-14 13:45:52.130 INFO  o.s.scheduling.concurrent.ThreadPoolTaskExecutor  :181  [32m                  [0;39m Initializing ExecutorService 'applicationTaskExecutor'
2021-08-14 13:45:52.163 INFO  o.s.b.d.autoconfigure.OptionalLiveReloadServer    :58   [32m                  [0;39m LiveReload server is running on port 35729
2021-08-14 13:45:52.170 INFO  org.apache.coyote.http11.Http11NioProtocol        :173  [32m                  [0;39m Starting ProtocolHandler ["http-nio-8880"]
2021-08-14 13:45:52.172 INFO  o.s.boot.web.embedded.tomcat.TomcatWebServer      :220  [32m                  [0;39m Tomcat started on port(s): 8880 (http) with context path ''
2021-08-14 13:45:52.175 INFO  com.xuwen.wiki.config.WikiApplication             :61   [32m                  [0;39m Started WikiApplication in 0.295 seconds (JVM running for 310.99)
2021-08-14 13:45:52.177 INFO  o.s.b.d.a.ConditionEvaluationDeltaLoggingListener :63   [32m                  [0;39m Condition evaluation unchanged
2021-08-14 13:45:52.177 INFO  com.xuwen.wiki.config.WikiApplication             :23   [32m                  [0;39m 启动成功！！！success
2021-08-14 13:45:52.177 INFO  com.xuwen.wiki.config.WikiApplication             :24   [32m                  [0;39m 地址：	http://127.0.0.1:8880
2021-08-14 13:45:56.258 INFO  o.a.c.core.ContainerBase.[Tomcat].[localhost].[/] :173  [32m                  [0;39m Initializing Spring DispatcherServlet 'dispatcherServlet'
2021-08-14 13:45:56.259 INFO  org.springframework.web.servlet.DispatcherServlet :525  [32m                  [0;39m Initializing Servlet 'dispatcherServlet'
2021-08-14 13:45:56.260 INFO  org.springframework.web.servlet.DispatcherServlet :547  [32m                  [0;39m Completed initialization in 1 ms
2021-08-14 13:50:18.614 INFO  o.s.scheduling.concurrent.ThreadPoolTaskExecutor  :218  [32m                  [0;39m Shutting down ExecutorService 'applicationTaskExecutor'
2021-08-14 13:50:18.749 INFO  com.xuwen.wiki.config.WikiApplication             :55   [32m                  [0;39m Starting WikiApplication using Java 1.8.0_212 on wen2015mbp.lan with PID 89770 (/Users/xuwen/Desktop/springboot/wiki-springboot-vue3/target/classes started by xuwen in /Users/xuwen/Desktop/springboot/wiki-springboot-vue3)
2021-08-14 13:50:18.749 INFO  com.xuwen.wiki.config.WikiApplication             :660  [32m                  [0;39m No active profile set, falling back to default profiles: default
2021-08-14 13:50:18.885 INFO  o.s.boot.web.embedded.tomcat.TomcatWebServer      :108  [32m                  [0;39m Tomcat initialized with port(s): 8880 (http)
2021-08-14 13:50:18.886 INFO  org.apache.coyote.http11.Http11NioProtocol        :173  [32m                  [0;39m Initializing ProtocolHandler ["http-nio-8880"]
2021-08-14 13:50:18.886 INFO  org.apache.catalina.core.StandardService          :173  [32m                  [0;39m Starting service [Tomcat]
2021-08-14 13:50:18.886 INFO  org.apache.catalina.core.StandardEngine           :173  [32m                  [0;39m Starting Servlet engine: [Apache Tomcat/9.0.39]
2021-08-14 13:50:18.891 INFO  o.a.c.core.ContainerBase.[Tomcat].[localhost].[/] :173  [32m                  [0;39m Initializing Spring embedded WebApplicationContext
2021-08-14 13:50:18.891 INFO  o.s.b.w.s.c.ServletWebServerApplicationContext    :289  [32m                  [0;39m Root WebApplicationContext: initialization completed in 139 ms
2021-08-14 13:50:18.972 INFO  o.s.scheduling.concurrent.ThreadPoolTaskExecutor  :181  [32m                  [0;39m Initializing ExecutorService 'applicationTaskExecutor'
2021-08-14 13:50:19.022 INFO  o.s.b.d.autoconfigure.OptionalLiveReloadServer    :58   [32m                  [0;39m LiveReload server is running on port 35729
2021-08-14 13:50:19.033 INFO  org.apache.coyote.http11.Http11NioProtocol        :173  [32m                  [0;39m Starting ProtocolHandler ["http-nio-8880"]
2021-08-14 13:50:19.035 INFO  o.s.boot.web.embedded.tomcat.TomcatWebServer      :220  [32m                  [0;39m Tomcat started on port(s): 8880 (http) with context path ''
2021-08-14 13:50:19.039 INFO  com.xuwen.wiki.config.WikiApplication             :61   [32m                  [0;39m Started WikiApplication in 0.316 seconds (JVM running for 577.869)
2021-08-14 13:50:19.040 INFO  o.s.b.d.a.ConditionEvaluationDeltaLoggingListener :63   [32m                  [0;39m Condition evaluation unchanged
2021-08-14 13:50:19.041 INFO  com.xuwen.wiki.config.WikiApplication             :23   [32m                  [0;39m 启动成功！！！success
2021-08-14 13:50:19.041 INFO  com.xuwen.wiki.config.WikiApplication             :24   [32m                  [0;39m 地址：	http://127.0.0.1:8880
2021-08-14 13:50:32.173 INFO  org.apache.coyote.http11.Http11Processor          :175  [32m                  [0;39m Error parsing HTTP request header
 Note: further occurrences of HTTP request parsing errors will be logged at DEBUG level.
java.lang.IllegalArgumentException: The HTTP header line [>{%: ] does not conform to RFC 7230 and has been ignored.
	at org.apache.coyote.http11.Http11InputBuffer.skipLine(Http11InputBuffer.java:1041)
	at org.apache.coyote.http11.Http11InputBuffer.parseHeader(Http11InputBuffer.java:893)
	at org.apache.coyote.http11.Http11InputBuffer.parseHeaders(Http11InputBuffer.java:593)
	at org.apache.coyote.http11.Http11Processor.service(Http11Processor.java:284)
	at org.apache.coyote.AbstractProcessorLight.process(AbstractProcessorLight.java:65)
	at org.apache.coyote.AbstractProtocol$ConnectionHandler.process(AbstractProtocol.java:868)
	at org.apache.tomcat.util.net.NioEndpoint$SocketProcessor.doRun(NioEndpoint.java:1590)
	at org.apache.tomcat.util.net.SocketProcessorBase.run(SocketProcessorBase.java:49)
	at java.util.concurrent.ThreadPoolExecutor.runWorker(ThreadPoolExecutor.java:1149)
	at java.util.concurrent.ThreadPoolExecutor$Worker.run(ThreadPoolExecutor.java:624)
	at org.apache.tomcat.util.threads.TaskThread$WrappingRunnable.run(TaskThread.java:61)
	at java.lang.Thread.run(Thread.java:748)
2021-08-14 13:59:31.251 INFO  o.a.c.core.ContainerBase.[Tomcat].[localhost].[/] :173  [32m                  [0;39m Initializing Spring DispatcherServlet 'dispatcherServlet'
2021-08-14 13:59:31.251 INFO  org.springframework.web.servlet.DispatcherServlet :525  [32m                  [0;39m Initializing Servlet 'dispatcherServlet'
2021-08-14 13:59:31.252 INFO  org.springframework.web.servlet.DispatcherServlet :547  [32m                  [0;39m Completed initialization in 1 ms
2021-08-14 14:00:28.886 INFO  o.s.scheduling.concurrent.ThreadPoolTaskExecutor  :218  [32m                  [0;39m Shutting down ExecutorService 'applicationTaskExecutor'
2021-08-14 14:00:36.490 INFO  com.xuwen.wiki.config.WikiApplication             :55   [32m                  [0;39m Starting WikiApplication using Java 1.8.0_212 on wen2015mbp.lan with PID 90076 (/Users/xuwen/Desktop/springboot/wiki-springboot-vue3/target/classes started by xuwen in /Users/xuwen/Desktop/springboot/wiki-springboot-vue3)
2021-08-14 14:00:36.493 INFO  com.xuwen.wiki.config.WikiApplication             :660  [32m                  [0;39m No active profile set, falling back to default profiles: default
2021-08-14 14:00:36.541 INFO  o.s.b.d.env.DevToolsPropertyDefaultsPostProcessor :255  [32m                  [0;39m Devtools property defaults active! Set 'spring.devtools.add-properties' to 'false' to disable
2021-08-14 14:00:36.542 INFO  o.s.b.d.env.DevToolsPropertyDefaultsPostProcessor :255  [32m                  [0;39m For additional web related logging consider setting the 'logging.level.web' property to 'DEBUG'
2021-08-14 14:00:37.368 INFO  o.s.boot.web.embedded.tomcat.TomcatWebServer      :108  [32m                  [0;39m Tomcat initialized with port(s): 8880 (http)
2021-08-14 14:00:37.374 INFO  org.apache.coyote.http11.Http11NioProtocol        :173  [32m                  [0;39m Initializing ProtocolHandler ["http-nio-8880"]
2021-08-14 14:00:37.375 INFO  org.apache.catalina.core.StandardService          :173  [32m                  [0;39m Starting service [Tomcat]
2021-08-14 14:00:37.375 INFO  org.apache.catalina.core.StandardEngine           :173  [32m                  [0;39m Starting Servlet engine: [Apache Tomcat/9.0.39]
2021-08-14 14:00:37.423 INFO  o.a.c.core.ContainerBase.[Tomcat].[localhost].[/] :173  [32m                  [0;39m Initializing Spring embedded WebApplicationContext
2021-08-14 14:00:37.423 INFO  o.s.b.w.s.c.ServletWebServerApplicationContext    :289  [32m                  [0;39m Root WebApplicationContext: initialization completed in 880 ms
2021-08-14 14:00:37.840 INFO  o.s.scheduling.concurrent.ThreadPoolTaskExecutor  :181  [32m                  [0;39m Initializing ExecutorService 'applicationTaskExecutor'
2021-08-14 14:00:38.036 INFO  o.s.b.d.autoconfigure.OptionalLiveReloadServer    :58   [32m                  [0;39m LiveReload server is running on port 35729
2021-08-14 14:00:38.056 INFO  org.apache.coyote.http11.Http11NioProtocol        :173  [32m                  [0;39m Starting ProtocolHandler ["http-nio-8880"]
2021-08-14 14:00:38.082 INFO  o.s.boot.web.embedded.tomcat.TomcatWebServer      :220  [32m                  [0;39m Tomcat started on port(s): 8880 (http) with context path ''
2021-08-14 14:00:38.093 INFO  com.xuwen.wiki.config.WikiApplication             :61   [32m                  [0;39m Started WikiApplication in 1.953 seconds (JVM running for 2.461)
2021-08-14 14:00:38.096 INFO  com.xuwen.wiki.config.WikiApplication             :23   [32m                  [0;39m 启动成功！！！success
2021-08-14 14:00:38.096 INFO  com.xuwen.wiki.config.WikiApplication             :24   [32m                  [0;39m 地址：	http://127.0.0.1:8880
2021-08-14 14:00:42.450 INFO  org.apache.coyote.http11.Http11Processor          :175  [32m                  [0;39m Error parsing HTTP request header
 Note: further occurrences of HTTP request parsing errors will be logged at DEBUG level.
java.lang.IllegalArgumentException: The HTTP header line [> {%: ] does not conform to RFC 7230 and has been ignored.
	at org.apache.coyote.http11.Http11InputBuffer.skipLine(Http11InputBuffer.java:1041)
	at org.apache.coyote.http11.Http11InputBuffer.parseHeader(Http11InputBuffer.java:893)
	at org.apache.coyote.http11.Http11InputBuffer.parseHeaders(Http11InputBuffer.java:593)
	at org.apache.coyote.http11.Http11Processor.service(Http11Processor.java:284)
	at org.apache.coyote.AbstractProcessorLight.process(AbstractProcessorLight.java:65)
	at org.apache.coyote.AbstractProtocol$ConnectionHandler.process(AbstractProtocol.java:868)
	at org.apache.tomcat.util.net.NioEndpoint$SocketProcessor.doRun(NioEndpoint.java:1590)
	at org.apache.tomcat.util.net.SocketProcessorBase.run(SocketProcessorBase.java:49)
	at java.util.concurrent.ThreadPoolExecutor.runWorker(ThreadPoolExecutor.java:1149)
	at java.util.concurrent.ThreadPoolExecutor$Worker.run(ThreadPoolExecutor.java:624)
	at org.apache.tomcat.util.threads.TaskThread$WrappingRunnable.run(TaskThread.java:61)
	at java.lang.Thread.run(Thread.java:748)
2021-08-14 14:02:40.480 INFO  o.a.c.core.ContainerBase.[Tomcat].[localhost].[/] :173  [32m                  [0;39m Initializing Spring DispatcherServlet 'dispatcherServlet'
2021-08-14 14:02:40.481 INFO  org.springframework.web.servlet.DispatcherServlet :525  [32m                  [0;39m Initializing Servlet 'dispatcherServlet'
2021-08-14 14:02:40.482 INFO  org.springframework.web.servlet.DispatcherServlet :547  [32m                  [0;39m Completed initialization in 1 ms
2021-08-14 14:03:01.023 INFO  o.s.scheduling.concurrent.ThreadPoolTaskExecutor  :218  [32m                  [0;39m Shutting down ExecutorService 'applicationTaskExecutor'
2021-08-14 15:17:18.204 INFO  com.xuwen.wiki.config.WikiApplication             :55   [32m                  [0;39m Starting WikiApplication using Java 1.8.0_212 on wen2015mbp.lan with PID 90610 (/Users/xuwen/Desktop/springboot/wiki-springboot-vue3/target/classes started by xuwen in /Users/xuwen/Desktop/springboot/wiki-springboot-vue3)
2021-08-14 15:17:18.206 INFO  com.xuwen.wiki.config.WikiApplication             :660  [32m                  [0;39m No active profile set, falling back to default profiles: default
2021-08-14 15:17:18.257 INFO  o.s.b.d.env.DevToolsPropertyDefaultsPostProcessor :255  [32m                  [0;39m Devtools property defaults active! Set 'spring.devtools.add-properties' to 'false' to disable
2021-08-14 15:17:18.257 INFO  o.s.b.d.env.DevToolsPropertyDefaultsPostProcessor :255  [32m                  [0;39m For additional web related logging consider setting the 'logging.level.web' property to 'DEBUG'
2021-08-14 15:17:19.122 INFO  o.s.boot.web.embedded.tomcat.TomcatWebServer      :108  [32m                  [0;39m Tomcat initialized with port(s): 8880 (http)
2021-08-14 15:17:19.128 INFO  org.apache.coyote.http11.Http11NioProtocol        :173  [32m                  [0;39m Initializing ProtocolHandler ["http-nio-8880"]
2021-08-14 15:17:19.128 INFO  org.apache.catalina.core.StandardService          :173  [32m                  [0;39m Starting service [Tomcat]
2021-08-14 15:17:19.128 INFO  org.apache.catalina.core.StandardEngine           :173  [32m                  [0;39m Starting Servlet engine: [Apache Tomcat/9.0.39]
2021-08-14 15:17:19.174 INFO  o.a.c.core.ContainerBase.[Tomcat].[localhost].[/] :173  [32m                  [0;39m Initializing Spring embedded WebApplicationContext
2021-08-14 15:17:19.174 INFO  o.s.b.w.s.c.ServletWebServerApplicationContext    :289  [32m                  [0;39m Root WebApplicationContext: initialization completed in 916 ms
2021-08-14 15:17:19.611 INFO  o.s.scheduling.concurrent.ThreadPoolTaskExecutor  :181  [32m                  [0;39m Initializing ExecutorService 'applicationTaskExecutor'
2021-08-14 15:17:19.811 INFO  o.s.b.d.autoconfigure.OptionalLiveReloadServer    :58   [32m                  [0;39m LiveReload server is running on port 35729
2021-08-14 15:17:19.830 INFO  org.apache.coyote.http11.Http11NioProtocol        :173  [32m                  [0;39m Starting ProtocolHandler ["http-nio-8880"]
2021-08-14 15:17:19.855 INFO  o.s.boot.web.embedded.tomcat.TomcatWebServer      :220  [32m                  [0;39m Tomcat started on port(s): 8880 (http) with context path ''
2021-08-14 15:17:19.866 INFO  com.xuwen.wiki.config.WikiApplication             :61   [32m                  [0;39m Started WikiApplication in 2.034 seconds (JVM running for 2.58)
2021-08-14 15:17:19.869 INFO  com.xuwen.wiki.config.WikiApplication             :23   [32m                  [0;39m 启动成功！！！success
2021-08-14 15:17:19.869 INFO  com.xuwen.wiki.config.WikiApplication             :24   [32m                  [0;39m 地址：	http://127.0.0.1:8880
2021-08-14 15:17:55.217 INFO  o.a.c.core.ContainerBase.[Tomcat].[localhost].[/] :173  [32m                  [0;39m Initializing Spring DispatcherServlet 'dispatcherServlet'
2021-08-14 15:17:55.218 INFO  org.springframework.web.servlet.DispatcherServlet :525  [32m                  [0;39m Initializing Servlet 'dispatcherServlet'
2021-08-14 15:17:55.219 INFO  org.springframework.web.servlet.DispatcherServlet :547  [32m                  [0;39m Completed initialization in 1 ms
2021-08-14 15:17:55.250 INFO  com.zaxxer.hikari.HikariDataSource                :110  [32m                  [0;39m HikariPool-1 - Starting...
2021-08-14 15:17:55.512 INFO  com.zaxxer.hikari.HikariDataSource                :123  [32m                  [0;39m HikariPool-1 - Start completed.
2021-08-14 15:18:27.773 INFO  o.s.scheduling.concurrent.ThreadPoolTaskExecutor  :218  [32m                  [0;39m Shutting down ExecutorService 'applicationTaskExecutor'
2021-08-14 15:18:27.776 INFO  com.zaxxer.hikari.HikariDataSource                :350  [32m                  [0;39m HikariPool-1 - Shutdown initiated...
2021-08-14 15:18:27.787 INFO  com.zaxxer.hikari.HikariDataSource                :352  [32m                  [0;39m HikariPool-1 - Shutdown completed.
2021-08-14 16:12:13.992 INFO  com.xuwen.wiki.config.WikiApplication             :55   [32m                  [0;39m Starting WikiApplication using Java 1.8.0_212 on wen2015mbp.lan with PID 91046 (/Users/xuwen/Desktop/springboot/wiki-springboot-vue3/target/classes started by xuwen in /Users/xuwen/Desktop/springboot/wiki-springboot-vue3)
2021-08-14 16:12:13.996 INFO  com.xuwen.wiki.config.WikiApplication             :660  [32m                  [0;39m No active profile set, falling back to default profiles: default
2021-08-14 16:12:14.059 INFO  o.s.b.d.env.DevToolsPropertyDefaultsPostProcessor :255  [32m                  [0;39m Devtools property defaults active! Set 'spring.devtools.add-properties' to 'false' to disable
2021-08-14 16:12:14.060 INFO  o.s.b.d.env.DevToolsPropertyDefaultsPostProcessor :255  [32m                  [0;39m For additional web related logging consider setting the 'logging.level.web' property to 'DEBUG'
2021-08-14 16:12:15.020 INFO  o.s.boot.web.embedded.tomcat.TomcatWebServer      :108  [32m                  [0;39m Tomcat initialized with port(s): 8880 (http)
2021-08-14 16:12:15.029 INFO  org.apache.coyote.http11.Http11NioProtocol        :173  [32m                  [0;39m Initializing ProtocolHandler ["http-nio-8880"]
2021-08-14 16:12:15.030 INFO  org.apache.catalina.core.StandardService          :173  [32m                  [0;39m Starting service [Tomcat]
2021-08-14 16:12:15.031 INFO  org.apache.catalina.core.StandardEngine           :173  [32m                  [0;39m Starting Servlet engine: [Apache Tomcat/9.0.39]
2021-08-14 16:12:15.091 INFO  o.a.c.core.ContainerBase.[Tomcat].[localhost].[/] :173  [32m                  [0;39m Initializing Spring embedded WebApplicationContext
2021-08-14 16:12:15.092 INFO  o.s.b.w.s.c.ServletWebServerApplicationContext    :289  [32m                  [0;39m Root WebApplicationContext: initialization completed in 1031 ms
2021-08-14 16:12:15.599 INFO  o.s.scheduling.concurrent.ThreadPoolTaskExecutor  :181  [32m                  [0;39m Initializing ExecutorService 'applicationTaskExecutor'
2021-08-14 16:12:15.807 INFO  o.s.b.d.autoconfigure.OptionalLiveReloadServer    :58   [32m                  [0;39m LiveReload server is running on port 35729
2021-08-14 16:12:15.825 INFO  org.apache.coyote.http11.Http11NioProtocol        :173  [32m                  [0;39m Starting ProtocolHandler ["http-nio-8880"]
2021-08-14 16:12:15.852 INFO  o.s.boot.web.embedded.tomcat.TomcatWebServer      :220  [32m                  [0;39m Tomcat started on port(s): 8880 (http) with context path ''
2021-08-14 16:12:15.863 INFO  com.xuwen.wiki.config.WikiApplication             :61   [32m                  [0;39m Started WikiApplication in 2.261 seconds (JVM running for 2.761)
2021-08-14 16:12:15.865 INFO  com.xuwen.wiki.config.WikiApplication             :23   [32m                  [0;39m 启动成功！！！success
2021-08-14 16:12:15.866 INFO  com.xuwen.wiki.config.WikiApplication             :24   [32m                  [0;39m 地址：	http://127.0.0.1:8880
2021-08-14 16:12:46.667 INFO  o.a.c.core.ContainerBase.[Tomcat].[localhost].[/] :173  [32m                  [0;39m Initializing Spring DispatcherServlet 'dispatcherServlet'
2021-08-14 16:12:46.668 INFO  org.springframework.web.servlet.DispatcherServlet :525  [32m                  [0;39m Initializing Servlet 'dispatcherServlet'
2021-08-14 16:12:46.669 INFO  org.springframework.web.servlet.DispatcherServlet :547  [32m                  [0;39m Completed initialization in 1 ms
2021-08-14 16:12:46.711 INFO  com.zaxxer.hikari.HikariDataSource                :110  [32m                  [0;39m HikariPool-1 - Starting...
2021-08-14 16:12:46.952 INFO  com.zaxxer.hikari.HikariDataSource                :123  [32m                  [0;39m HikariPool-1 - Start completed.
2021-08-14 16:15:52.329 INFO  o.s.scheduling.concurrent.ThreadPoolTaskExecutor  :218  [32m                  [0;39m Shutting down ExecutorService 'applicationTaskExecutor'
2021-08-14 16:15:52.330 INFO  com.zaxxer.hikari.HikariDataSource                :350  [32m                  [0;39m HikariPool-1 - Shutdown initiated...
2021-08-14 16:15:52.339 INFO  com.zaxxer.hikari.HikariDataSource                :352  [32m                  [0;39m HikariPool-1 - Shutdown completed.
2021-08-14 16:32:27.256 INFO  com.xuwen.wiki.config.WikiApplication             :55   [32m                  [0;39m Starting WikiApplication using Java 1.8.0_212 on wen2015mbp.lan with PID 91532 (/Users/xuwen/Desktop/springboot/wiki-springboot-vue3/target/classes started by xuwen in /Users/xuwen/Desktop/springboot/wiki-springboot-vue3)
2021-08-14 16:32:27.259 INFO  com.xuwen.wiki.config.WikiApplication             :660  [32m                  [0;39m No active profile set, falling back to default profiles: default
2021-08-14 16:32:27.313 INFO  o.s.b.d.env.DevToolsPropertyDefaultsPostProcessor :255  [32m                  [0;39m Devtools property defaults active! Set 'spring.devtools.add-properties' to 'false' to disable
2021-08-14 16:32:27.314 INFO  o.s.b.d.env.DevToolsPropertyDefaultsPostProcessor :255  [32m                  [0;39m For additional web related logging consider setting the 'logging.level.web' property to 'DEBUG'
2021-08-14 16:32:28.298 INFO  o.s.boot.web.embedded.tomcat.TomcatWebServer      :108  [32m                  [0;39m Tomcat initialized with port(s): 8880 (http)
2021-08-14 16:32:28.308 INFO  org.apache.coyote.http11.Http11NioProtocol        :173  [32m                  [0;39m Initializing ProtocolHandler ["http-nio-8880"]
2021-08-14 16:32:28.309 INFO  org.apache.catalina.core.StandardService          :173  [32m                  [0;39m Starting service [Tomcat]
2021-08-14 16:32:28.309 INFO  org.apache.catalina.core.StandardEngine           :173  [32m                  [0;39m Starting Servlet engine: [Apache Tomcat/9.0.39]
2021-08-14 16:32:28.371 INFO  o.a.c.core.ContainerBase.[Tomcat].[localhost].[/] :173  [32m                  [0;39m Initializing Spring embedded WebApplicationContext
2021-08-14 16:32:28.372 INFO  o.s.b.w.s.c.ServletWebServerApplicationContext    :289  [32m                  [0;39m Root WebApplicationContext: initialization completed in 1058 ms
2021-08-14 16:32:28.872 INFO  o.s.scheduling.concurrent.ThreadPoolTaskExecutor  :181  [32m                  [0;39m Initializing ExecutorService 'applicationTaskExecutor'
2021-08-14 16:32:29.096 INFO  o.s.b.d.autoconfigure.OptionalLiveReloadServer    :58   [32m                  [0;39m LiveReload server is running on port 35729
2021-08-14 16:32:29.113 INFO  org.apache.coyote.http11.Http11NioProtocol        :173  [32m                  [0;39m Starting ProtocolHandler ["http-nio-8880"]
2021-08-14 16:32:29.140 INFO  o.s.boot.web.embedded.tomcat.TomcatWebServer      :220  [32m                  [0;39m Tomcat started on port(s): 8880 (http) with context path ''
2021-08-14 16:32:29.151 INFO  com.xuwen.wiki.config.WikiApplication             :61   [32m                  [0;39m Started WikiApplication in 2.277 seconds (JVM running for 2.781)
2021-08-14 16:32:29.155 INFO  com.xuwen.wiki.config.WikiApplication             :23   [32m                  [0;39m 启动成功！！！success
2021-08-14 16:32:29.155 INFO  com.xuwen.wiki.config.WikiApplication             :24   [32m                  [0;39m 地址：	http://127.0.0.1:8880
2021-08-14 16:32:32.925 INFO  o.a.c.core.ContainerBase.[Tomcat].[localhost].[/] :173  [32m                  [0;39m Initializing Spring DispatcherServlet 'dispatcherServlet'
2021-08-14 16:32:32.926 INFO  org.springframework.web.servlet.DispatcherServlet :525  [32m                  [0;39m Initializing Servlet 'dispatcherServlet'
2021-08-14 16:32:32.927 INFO  org.springframework.web.servlet.DispatcherServlet :547  [32m                  [0;39m Completed initialization in 1 ms
2021-08-14 16:32:32.969 INFO  com.zaxxer.hikari.HikariDataSource                :110  [32m                  [0;39m HikariPool-1 - Starting...
2021-08-14 16:32:37.457 INFO  com.zaxxer.hikari.HikariDataSource                :123  [32m                  [0;39m HikariPool-1 - Start completed.
2021-08-14 16:33:07.937 INFO  o.s.scheduling.concurrent.ThreadPoolTaskExecutor  :218  [32m                  [0;39m Shutting down ExecutorService 'applicationTaskExecutor'
2021-08-14 16:33:07.940 INFO  com.zaxxer.hikari.HikariDataSource                :350  [32m                  [0;39m HikariPool-1 - Shutdown initiated...
2021-08-14 16:33:07.949 INFO  com.zaxxer.hikari.HikariDataSource                :352  [32m                  [0;39m HikariPool-1 - Shutdown completed.
2021-08-14 18:31:28.488 INFO  com.xuwen.wiki.config.WikiApplication             :55   [32m                  [0;39m Starting WikiApplication using Java 1.8.0_212 on wen2015mbp.lan with PID 92043 (/Users/xuwen/Desktop/springboot/wiki-springboot-vue3/target/classes started by xuwen in /Users/xuwen/Desktop/springboot/wiki-springboot-vue3)
2021-08-14 18:31:28.492 INFO  com.xuwen.wiki.config.WikiApplication             :660  [32m                  [0;39m No active profile set, falling back to default profiles: default
2021-08-14 18:31:28.551 INFO  o.s.b.d.env.DevToolsPropertyDefaultsPostProcessor :255  [32m                  [0;39m Devtools property defaults active! Set 'spring.devtools.add-properties' to 'false' to disable
2021-08-14 18:31:28.551 INFO  o.s.b.d.env.DevToolsPropertyDefaultsPostProcessor :255  [32m                  [0;39m For additional web related logging consider setting the 'logging.level.web' property to 'DEBUG'
2021-08-14 18:31:29.494 INFO  o.s.boot.web.embedded.tomcat.TomcatWebServer      :108  [32m                  [0;39m Tomcat initialized with port(s): 8880 (http)
2021-08-14 18:31:29.503 INFO  org.apache.coyote.http11.Http11NioProtocol        :173  [32m                  [0;39m Initializing ProtocolHandler ["http-nio-8880"]
2021-08-14 18:31:29.503 INFO  org.apache.catalina.core.StandardService          :173  [32m                  [0;39m Starting service [Tomcat]
2021-08-14 18:31:29.504 INFO  org.apache.catalina.core.StandardEngine           :173  [32m                  [0;39m Starting Servlet engine: [Apache Tomcat/9.0.39]
2021-08-14 18:31:29.561 INFO  o.a.c.core.ContainerBase.[Tomcat].[localhost].[/] :173  [32m                  [0;39m Initializing Spring embedded WebApplicationContext
2021-08-14 18:31:29.561 INFO  o.s.b.w.s.c.ServletWebServerApplicationContext    :289  [32m                  [0;39m Root WebApplicationContext: initialization completed in 1009 ms
2021-08-14 18:31:30.078 INFO  o.s.scheduling.concurrent.ThreadPoolTaskExecutor  :181  [32m                  [0;39m Initializing ExecutorService 'applicationTaskExecutor'
2021-08-14 18:31:30.322 INFO  o.s.b.d.autoconfigure.OptionalLiveReloadServer    :58   [32m                  [0;39m LiveReload server is running on port 35729
2021-08-14 18:31:30.341 INFO  org.apache.coyote.http11.Http11NioProtocol        :173  [32m                  [0;39m Starting ProtocolHandler ["http-nio-8880"]
2021-08-14 18:31:30.368 INFO  o.s.boot.web.embedded.tomcat.TomcatWebServer      :220  [32m                  [0;39m Tomcat started on port(s): 8880 (http) with context path ''
2021-08-14 18:31:30.380 INFO  com.xuwen.wiki.config.WikiApplication             :61   [32m                  [0;39m Started WikiApplication in 2.29 seconds (JVM running for 2.797)
2021-08-14 18:31:30.383 INFO  com.xuwen.wiki.config.WikiApplication             :23   [32m                  [0;39m 启动成功！！！success
2021-08-14 18:31:30.383 INFO  com.xuwen.wiki.config.WikiApplication             :24   [32m                  [0;39m 地址：	http://127.0.0.1:8880
2021-08-14 18:31:33.869 INFO  o.a.c.core.ContainerBase.[Tomcat].[localhost].[/] :173  [32m                  [0;39m Initializing Spring DispatcherServlet 'dispatcherServlet'
2021-08-14 18:31:33.869 INFO  org.springframework.web.servlet.DispatcherServlet :525  [32m                  [0;39m Initializing Servlet 'dispatcherServlet'
2021-08-14 18:31:33.871 INFO  org.springframework.web.servlet.DispatcherServlet :547  [32m                  [0;39m Completed initialization in 1 ms
2021-08-14 18:31:33.932 INFO  com.zaxxer.hikari.HikariDataSource                :110  [32m                  [0;39m HikariPool-1 - Starting...
2021-08-14 18:31:34.201 INFO  com.zaxxer.hikari.HikariDataSource                :123  [32m                  [0;39m HikariPool-1 - Start completed.
2021-08-14 18:32:17.187 INFO  o.s.scheduling.concurrent.ThreadPoolTaskExecutor  :218  [32m                  [0;39m Shutting down ExecutorService 'applicationTaskExecutor'
2021-08-14 18:32:17.188 INFO  com.zaxxer.hikari.HikariDataSource                :350  [32m                  [0;39m HikariPool-1 - Shutdown initiated...
2021-08-14 18:32:17.198 INFO  com.zaxxer.hikari.HikariDataSource                :352  [32m                  [0;39m HikariPool-1 - Shutdown completed.
2021-08-14 18:36:54.685 INFO  com.xuwen.wiki.config.WikiApplication             :55   [32m                  [0;39m Starting WikiApplication using Java 1.8.0_212 on wen2015mbp.lan with PID 92245 (/Users/xuwen/Desktop/springboot/wiki-springboot-vue3/target/classes started by xuwen in /Users/xuwen/Desktop/springboot/wiki-springboot-vue3)
2021-08-14 18:36:54.688 INFO  com.xuwen.wiki.config.WikiApplication             :660  [32m                  [0;39m No active profile set, falling back to default profiles: default
2021-08-14 18:36:54.744 INFO  o.s.b.d.env.DevToolsPropertyDefaultsPostProcessor :255  [32m                  [0;39m Devtools property defaults active! Set 'spring.devtools.add-properties' to 'false' to disable
2021-08-14 18:36:54.745 INFO  o.s.b.d.env.DevToolsPropertyDefaultsPostProcessor :255  [32m                  [0;39m For additional web related logging consider setting the 'logging.level.web' property to 'DEBUG'
2021-08-14 18:36:55.668 INFO  o.s.boot.web.embedded.tomcat.TomcatWebServer      :108  [32m                  [0;39m Tomcat initialized with port(s): 8880 (http)
2021-08-14 18:36:55.676 INFO  org.apache.coyote.http11.Http11NioProtocol        :173  [32m                  [0;39m Initializing ProtocolHandler ["http-nio-8880"]
2021-08-14 18:36:55.677 INFO  org.apache.catalina.core.StandardService          :173  [32m                  [0;39m Starting service [Tomcat]
2021-08-14 18:36:55.677 INFO  org.apache.catalina.core.StandardEngine           :173  [32m                  [0;39m Starting Servlet engine: [Apache Tomcat/9.0.39]
2021-08-14 18:36:55.730 INFO  o.a.c.core.ContainerBase.[Tomcat].[localhost].[/] :173  [32m                  [0;39m Initializing Spring embedded WebApplicationContext
2021-08-14 18:36:55.730 INFO  o.s.b.w.s.c.ServletWebServerApplicationContext    :289  [32m                  [0;39m Root WebApplicationContext: initialization completed in 984 ms
2021-08-14 18:36:56.200 INFO  o.s.scheduling.concurrent.ThreadPoolTaskExecutor  :181  [32m                  [0;39m Initializing ExecutorService 'applicationTaskExecutor'
2021-08-14 18:36:56.396 INFO  o.s.b.d.autoconfigure.OptionalLiveReloadServer    :58   [32m                  [0;39m LiveReload server is running on port 35729
2021-08-14 18:36:56.414 INFO  org.apache.coyote.http11.Http11NioProtocol        :173  [32m                  [0;39m Starting ProtocolHandler ["http-nio-8880"]
2021-08-14 18:36:56.440 INFO  o.s.boot.web.embedded.tomcat.TomcatWebServer      :220  [32m                  [0;39m Tomcat started on port(s): 8880 (http) with context path ''
2021-08-14 18:36:56.451 INFO  com.xuwen.wiki.config.WikiApplication             :61   [32m                  [0;39m Started WikiApplication in 2.14 seconds (JVM running for 2.622)
2021-08-14 18:36:56.454 INFO  com.xuwen.wiki.config.WikiApplication             :23   [32m                  [0;39m 启动成功！！！success
2021-08-14 18:36:56.454 INFO  com.xuwen.wiki.config.WikiApplication             :24   [32m                  [0;39m 地址：	http://127.0.0.1:8880
2021-08-14 18:37:01.687 INFO  o.a.c.core.ContainerBase.[Tomcat].[localhost].[/] :173  [32m                  [0;39m Initializing Spring DispatcherServlet 'dispatcherServlet'
2021-08-14 18:37:01.687 INFO  org.springframework.web.servlet.DispatcherServlet :525  [32m                  [0;39m Initializing Servlet 'dispatcherServlet'
2021-08-14 18:37:01.689 INFO  org.springframework.web.servlet.DispatcherServlet :547  [32m                  [0;39m Completed initialization in 1 ms
2021-08-14 18:37:01.751 INFO  com.zaxxer.hikari.HikariDataSource                :110  [32m                  [0;39m HikariPool-1 - Starting...
2021-08-14 18:37:01.953 INFO  com.zaxxer.hikari.HikariDataSource                :123  [32m                  [0;39m HikariPool-1 - Start completed.
2021-08-14 18:37:35.130 INFO  o.s.scheduling.concurrent.ThreadPoolTaskExecutor  :218  [32m                  [0;39m Shutting down ExecutorService 'applicationTaskExecutor'
2021-08-14 18:37:35.131 INFO  com.zaxxer.hikari.HikariDataSource                :350  [32m                  [0;39m HikariPool-1 - Shutdown initiated...
2021-08-14 18:37:35.140 INFO  com.zaxxer.hikari.HikariDataSource                :352  [32m                  [0;39m HikariPool-1 - Shutdown completed.
2021-08-14 18:47:19.851 INFO  com.xuwen.wiki.config.WikiApplication             :55   [32m                  [0;39m Starting WikiApplication using Java 1.8.0_212 on wen2015mbp.lan with PID 92487 (/Users/xuwen/Desktop/springboot/wiki-springboot-vue3/target/classes started by xuwen in /Users/xuwen/Desktop/springboot/wiki-springboot-vue3)
2021-08-14 18:47:19.854 INFO  com.xuwen.wiki.config.WikiApplication             :660  [32m                  [0;39m No active profile set, falling back to default profiles: default
2021-08-14 18:47:19.900 INFO  o.s.b.d.env.DevToolsPropertyDefaultsPostProcessor :255  [32m                  [0;39m Devtools property defaults active! Set 'spring.devtools.add-properties' to 'false' to disable
2021-08-14 18:47:19.901 INFO  o.s.b.d.env.DevToolsPropertyDefaultsPostProcessor :255  [32m                  [0;39m For additional web related logging consider setting the 'logging.level.web' property to 'DEBUG'
2021-08-14 18:47:20.809 INFO  o.s.boot.web.embedded.tomcat.TomcatWebServer      :108  [32m                  [0;39m Tomcat initialized with port(s): 8880 (http)
2021-08-14 18:47:20.817 INFO  org.apache.coyote.http11.Http11NioProtocol        :173  [32m                  [0;39m Initializing ProtocolHandler ["http-nio-8880"]
2021-08-14 18:47:20.818 INFO  org.apache.catalina.core.StandardService          :173  [32m                  [0;39m Starting service [Tomcat]
2021-08-14 18:47:20.818 INFO  org.apache.catalina.core.StandardEngine           :173  [32m                  [0;39m Starting Servlet engine: [Apache Tomcat/9.0.39]
2021-08-14 18:47:20.871 INFO  o.a.c.core.ContainerBase.[Tomcat].[localhost].[/] :173  [32m                  [0;39m Initializing Spring embedded WebApplicationContext
2021-08-14 18:47:20.872 INFO  o.s.b.w.s.c.ServletWebServerApplicationContext    :289  [32m                  [0;39m Root WebApplicationContext: initialization completed in 969 ms
2021-08-14 18:47:21.328 INFO  o.s.scheduling.concurrent.ThreadPoolTaskExecutor  :181  [32m                  [0;39m Initializing ExecutorService 'applicationTaskExecutor'
2021-08-14 18:47:21.558 INFO  o.s.b.d.autoconfigure.OptionalLiveReloadServer    :58   [32m                  [0;39m LiveReload server is running on port 35729
2021-08-14 18:47:21.576 INFO  org.apache.coyote.http11.Http11NioProtocol        :173  [32m                  [0;39m Starting ProtocolHandler ["http-nio-8880"]
2021-08-14 18:47:21.602 INFO  o.s.boot.web.embedded.tomcat.TomcatWebServer      :220  [32m                  [0;39m Tomcat started on port(s): 8880 (http) with context path ''
2021-08-14 18:47:21.613 INFO  com.xuwen.wiki.config.WikiApplication             :61   [32m                  [0;39m Started WikiApplication in 2.123 seconds (JVM running for 2.605)
2021-08-14 18:47:21.616 INFO  com.xuwen.wiki.config.WikiApplication             :23   [32m                  [0;39m 启动成功！！！success
2021-08-14 18:47:21.617 INFO  com.xuwen.wiki.config.WikiApplication             :24   [32m                  [0;39m 地址：	http://127.0.0.1:8880
2021-08-14 18:47:26.674 INFO  o.a.c.core.ContainerBase.[Tomcat].[localhost].[/] :173  [32m                  [0;39m Initializing Spring DispatcherServlet 'dispatcherServlet'
2021-08-14 18:47:26.675 INFO  org.springframework.web.servlet.DispatcherServlet :525  [32m                  [0;39m Initializing Servlet 'dispatcherServlet'
2021-08-14 18:47:26.676 INFO  org.springframework.web.servlet.DispatcherServlet :547  [32m                  [0;39m Completed initialization in 1 ms
2021-08-14 18:47:26.733 INFO  com.zaxxer.hikari.HikariDataSource                :110  [32m                  [0;39m HikariPool-1 - Starting...
2021-08-14 18:47:26.914 INFO  com.zaxxer.hikari.HikariDataSource                :123  [32m                  [0;39m HikariPool-1 - Start completed.
2021-08-14 18:47:32.576 INFO  o.s.scheduling.concurrent.ThreadPoolTaskExecutor  :218  [32m                  [0;39m Shutting down ExecutorService 'applicationTaskExecutor'
2021-08-14 18:47:32.576 INFO  com.zaxxer.hikari.HikariDataSource                :350  [32m                  [0;39m HikariPool-1 - Shutdown initiated...
2021-08-14 18:47:32.584 INFO  com.zaxxer.hikari.HikariDataSource                :352  [32m                  [0;39m HikariPool-1 - Shutdown completed.
2021-08-14 18:48:15.688 INFO  com.xuwen.wiki.config.WikiApplication             :55   [32m                  [0;39m Starting WikiApplication using Java 1.8.0_212 on wen2015mbp.lan with PID 92526 (/Users/xuwen/Desktop/springboot/wiki-springboot-vue3/target/classes started by xuwen in /Users/xuwen/Desktop/springboot/wiki-springboot-vue3)
2021-08-14 18:48:15.690 INFO  com.xuwen.wiki.config.WikiApplication             :660  [32m                  [0;39m No active profile set, falling back to default profiles: default
2021-08-14 18:48:15.739 INFO  o.s.b.d.env.DevToolsPropertyDefaultsPostProcessor :255  [32m                  [0;39m Devtools property defaults active! Set 'spring.devtools.add-properties' to 'false' to disable
2021-08-14 18:48:15.739 INFO  o.s.b.d.env.DevToolsPropertyDefaultsPostProcessor :255  [32m                  [0;39m For additional web related logging consider setting the 'logging.level.web' property to 'DEBUG'
2021-08-14 18:48:16.589 INFO  o.s.boot.web.embedded.tomcat.TomcatWebServer      :108  [32m                  [0;39m Tomcat initialized with port(s): 8880 (http)
2021-08-14 18:48:16.595 INFO  org.apache.coyote.http11.Http11NioProtocol        :173  [32m                  [0;39m Initializing ProtocolHandler ["http-nio-8880"]
2021-08-14 18:48:16.595 INFO  org.apache.catalina.core.StandardService          :173  [32m                  [0;39m Starting service [Tomcat]
2021-08-14 18:48:16.596 INFO  org.apache.catalina.core.StandardEngine           :173  [32m                  [0;39m Starting Servlet engine: [Apache Tomcat/9.0.39]
2021-08-14 18:48:16.639 INFO  o.a.c.core.ContainerBase.[Tomcat].[localhost].[/] :173  [32m                  [0;39m Initializing Spring embedded WebApplicationContext
2021-08-14 18:48:16.639 INFO  o.s.b.w.s.c.ServletWebServerApplicationContext    :289  [32m                  [0;39m Root WebApplicationContext: initialization completed in 899 ms
2021-08-14 18:48:17.070 INFO  o.s.scheduling.concurrent.ThreadPoolTaskExecutor  :181  [32m                  [0;39m Initializing ExecutorService 'applicationTaskExecutor'
2021-08-14 18:48:17.276 INFO  o.s.b.d.autoconfigure.OptionalLiveReloadServer    :58   [32m                  [0;39m LiveReload server is running on port 35729
2021-08-14 18:48:17.293 INFO  org.apache.coyote.http11.Http11NioProtocol        :173  [32m                  [0;39m Starting ProtocolHandler ["http-nio-8880"]
2021-08-14 18:48:17.318 INFO  o.s.boot.web.embedded.tomcat.TomcatWebServer      :220  [32m                  [0;39m Tomcat started on port(s): 8880 (http) with context path ''
2021-08-14 18:48:17.329 INFO  com.xuwen.wiki.config.WikiApplication             :61   [32m                  [0;39m Started WikiApplication in 2.029 seconds (JVM running for 2.553)
2021-08-14 18:48:17.332 INFO  com.xuwen.wiki.config.WikiApplication             :23   [32m                  [0;39m 启动成功！！！success
2021-08-14 18:48:17.332 INFO  com.xuwen.wiki.config.WikiApplication             :24   [32m                  [0;39m 地址：	http://127.0.0.1:8880
2021-08-14 18:48:20.491 INFO  o.a.c.core.ContainerBase.[Tomcat].[localhost].[/] :173  [32m                  [0;39m Initializing Spring DispatcherServlet 'dispatcherServlet'
2021-08-14 18:48:20.491 INFO  org.springframework.web.servlet.DispatcherServlet :525  [32m                  [0;39m Initializing Servlet 'dispatcherServlet'
2021-08-14 18:48:20.492 INFO  org.springframework.web.servlet.DispatcherServlet :547  [32m                  [0;39m Completed initialization in 1 ms
2021-08-14 18:48:20.554 INFO  com.zaxxer.hikari.HikariDataSource                :110  [32m                  [0;39m HikariPool-1 - Starting...
2021-08-14 18:48:20.755 INFO  com.zaxxer.hikari.HikariDataSource                :123  [32m                  [0;39m HikariPool-1 - Start completed.
2021-08-14 18:48:29.049 INFO  o.s.scheduling.concurrent.ThreadPoolTaskExecutor  :218  [32m                  [0;39m Shutting down ExecutorService 'applicationTaskExecutor'
2021-08-14 18:48:29.050 INFO  com.zaxxer.hikari.HikariDataSource                :350  [32m                  [0;39m HikariPool-1 - Shutdown initiated...
2021-08-14 18:48:29.058 INFO  com.zaxxer.hikari.HikariDataSource                :352  [32m                  [0;39m HikariPool-1 - Shutdown completed.
2021-08-14 19:18:13.567 INFO  com.xuwen.wiki.config.WikiApplication             :55   [32m                  [0;39m Starting WikiApplication using Java 1.8.0_212 on wen2015mbp.lan with PID 92969 (/Users/xuwen/Desktop/springboot/wiki-springboot-vue3/target/classes started by xuwen in /Users/xuwen/Desktop/springboot/wiki-springboot-vue3)
2021-08-14 19:18:13.570 INFO  com.xuwen.wiki.config.WikiApplication             :660  [32m                  [0;39m No active profile set, falling back to default profiles: default
2021-08-14 19:18:13.629 INFO  o.s.b.d.env.DevToolsPropertyDefaultsPostProcessor :255  [32m                  [0;39m Devtools property defaults active! Set 'spring.devtools.add-properties' to 'false' to disable
2021-08-14 19:18:13.629 INFO  o.s.b.d.env.DevToolsPropertyDefaultsPostProcessor :255  [32m                  [0;39m For additional web related logging consider setting the 'logging.level.web' property to 'DEBUG'
2021-08-14 19:18:14.612 INFO  o.s.boot.web.embedded.tomcat.TomcatWebServer      :108  [32m                  [0;39m Tomcat initialized with port(s): 8880 (http)
2021-08-14 19:18:14.622 INFO  org.apache.coyote.http11.Http11NioProtocol        :173  [32m                  [0;39m Initializing ProtocolHandler ["http-nio-8880"]
2021-08-14 19:18:14.623 INFO  org.apache.catalina.core.StandardService          :173  [32m                  [0;39m Starting service [Tomcat]
2021-08-14 19:18:14.624 INFO  org.apache.catalina.core.StandardEngine           :173  [32m                  [0;39m Starting Servlet engine: [Apache Tomcat/9.0.39]
2021-08-14 19:18:14.690 INFO  o.a.c.core.ContainerBase.[Tomcat].[localhost].[/] :173  [32m                  [0;39m Initializing Spring embedded WebApplicationContext
2021-08-14 19:18:14.690 INFO  o.s.b.w.s.c.ServletWebServerApplicationContext    :289  [32m                  [0;39m Root WebApplicationContext: initialization completed in 1060 ms
2021-08-14 19:18:15.193 INFO  o.s.scheduling.concurrent.ThreadPoolTaskExecutor  :181  [32m                  [0;39m Initializing ExecutorService 'applicationTaskExecutor'
2021-08-14 19:18:15.396 INFO  o.s.b.d.autoconfigure.OptionalLiveReloadServer    :58   [32m                  [0;39m LiveReload server is running on port 35729
2021-08-14 19:18:15.413 INFO  org.apache.coyote.http11.Http11NioProtocol        :173  [32m                  [0;39m Starting ProtocolHandler ["http-nio-8880"]
2021-08-14 19:18:15.440 INFO  o.s.boot.web.embedded.tomcat.TomcatWebServer      :220  [32m                  [0;39m Tomcat started on port(s): 8880 (http) with context path ''
2021-08-14 19:18:15.452 INFO  com.xuwen.wiki.config.WikiApplication             :61   [32m                  [0;39m Started WikiApplication in 2.269 seconds (JVM running for 2.771)
2021-08-14 19:18:15.455 INFO  com.xuwen.wiki.config.WikiApplication             :23   [32m                  [0;39m 启动成功！！！success
2021-08-14 19:18:15.455 INFO  com.xuwen.wiki.config.WikiApplication             :24   [32m                  [0;39m 地址：	http://127.0.0.1:8880
2021-08-14 19:18:19.630 INFO  o.a.c.core.ContainerBase.[Tomcat].[localhost].[/] :173  [32m                  [0;39m Initializing Spring DispatcherServlet 'dispatcherServlet'
2021-08-14 19:18:19.630 INFO  org.springframework.web.servlet.DispatcherServlet :525  [32m                  [0;39m Initializing Servlet 'dispatcherServlet'
2021-08-14 19:18:19.632 INFO  org.springframework.web.servlet.DispatcherServlet :547  [32m                  [0;39m Completed initialization in 1 ms
2021-08-14 19:18:19.697 INFO  com.zaxxer.hikari.HikariDataSource                :110  [32m                  [0;39m HikariPool-1 - Starting...
2021-08-14 19:18:19.911 INFO  com.zaxxer.hikari.HikariDataSource                :123  [32m                  [0;39m HikariPool-1 - Start completed.
2021-08-14 19:18:27.350 INFO  o.s.scheduling.concurrent.ThreadPoolTaskExecutor  :218  [32m                  [0;39m Shutting down ExecutorService 'applicationTaskExecutor'
2021-08-14 19:18:27.351 INFO  com.zaxxer.hikari.HikariDataSource                :350  [32m                  [0;39m HikariPool-1 - Shutdown initiated...
2021-08-14 19:18:27.361 INFO  com.zaxxer.hikari.HikariDataSource                :352  [32m                  [0;39m HikariPool-1 - Shutdown completed.
