2021-04-29 20:35:29.881 INFO  com.xuwen.wiki.config.WikiApplication                    :55   [32m                  [0;39m Starting WikiApplication using Java 1.8.0_212 on wen2015mbp.lan with PID 13212 (/Users/xuwen/Desktop/wiki-springboot-vue3/target/classes started by xuwen in /Users/xuwen/Desktop/wiki-springboot-vue3)
2021-04-29 20:35:29.884 INFO  com.xuwen.wiki.config.WikiApplication                    :660  [32m                  [0;39m No active profile set, falling back to default profiles: default
2021-04-29 20:35:30.550 INFO  o.s.boot.web.embedded.tomcat.TomcatWebServer      :108  [32m                  [0;39m Tomcat initialized with port(s): 8080 (http)
2021-04-29 20:35:30.557 INFO  org.apache.coyote.http11.Http11NioProtocol        :173  [32m                  [0;39m Initializing ProtocolHandler ["http-nio-8080"]
2021-04-29 20:35:30.557 INFO  org.apache.catalina.core.StandardService          :173  [32m                  [0;39m Starting service [Tomcat]
2021-04-29 20:35:30.558 INFO  org.apache.catalina.core.StandardEngine           :173  [32m                  [0;39m Starting Servlet engine: [Apache Tomcat/9.0.39]
2021-04-29 20:35:30.605 INFO  o.a.c.core.ContainerBase.[Tomcat].[localhost].[/] :173  [32m                  [0;39m Initializing Spring embedded WebApplicationContext
2021-04-29 20:35:30.605 INFO  o.s.b.w.s.c.ServletWebServerApplicationContext    :289  [32m                  [0;39m Root WebApplicationContext: initialization completed in 687 ms
2021-04-29 20:35:30.734 INFO  o.s.scheduling.concurrent.ThreadPoolTaskExecutor  :181  [32m                  [0;39m Initializing ExecutorService 'applicationTaskExecutor'
2021-04-29 20:35:30.843 INFO  org.apache.coyote.http11.Http11NioProtocol        :173  [32m                  [0;39m Starting ProtocolHandler ["http-nio-8080"]
2021-04-29 20:35:30.870 INFO  o.s.boot.web.embedded.tomcat.TomcatWebServer      :220  [32m                  [0;39m Tomcat started on port(s): 8080 (http) with context path ''
2021-04-29 20:35:30.879 INFO  com.xuwen.wiki.config.WikiApplication                    :61   [32m                  [0;39m Started WikiApplication in 1.332 seconds (JVM running for 1.757)
2021-04-29 20:35:30.893 INFO  com.xuwen.wiki.config.WikiApplication                    :55   [32m                  [0;39m Starting WikiApplication using Java 1.8.0_212 on wen2015mbp.lan with PID 13212 (/Users/xuwen/Desktop/wiki-springboot-vue3/target/classes started by xuwen in /Users/xuwen/Desktop/wiki-springboot-vue3)
2021-04-29 20:35:30.893 INFO  com.xuwen.wiki.config.WikiApplication                    :660  [32m                  [0;39m No active profile set, falling back to default profiles: default
2021-04-29 20:35:30.987 INFO  o.s.boot.web.embedded.tomcat.TomcatWebServer      :108  [32m                  [0;39m Tomcat initialized with port(s): 8080 (http)
2021-04-29 20:35:30.988 INFO  org.apache.coyote.http11.Http11NioProtocol        :173  [32m                  [0;39m Initializing ProtocolHandler ["http-nio-8080"]
2021-04-29 20:35:30.988 INFO  org.apache.catalina.core.StandardService          :173  [32m                  [0;39m Starting service [Tomcat]
2021-04-29 20:35:30.989 INFO  org.apache.catalina.core.StandardEngine           :173  [32m                  [0;39m Starting Servlet engine: [Apache Tomcat/9.0.39]
2021-04-29 20:35:30.996 INFO  o.a.c.c.ContainerBase.[Tomcat-1].[localhost].[/]  :173  [32m                  [0;39m Initializing Spring embedded WebApplicationContext
2021-04-29 20:35:30.996 INFO  o.s.b.w.s.c.ServletWebServerApplicationContext    :289  [32m                  [0;39m Root WebApplicationContext: initialization completed in 101 ms
2021-04-29 20:35:31.024 INFO  o.s.scheduling.concurrent.ThreadPoolTaskExecutor  :181  [32m                  [0;39m Initializing ExecutorService 'applicationTaskExecutor'
2021-04-29 20:35:31.042 WARN  o.s.b.w.s.c.AnnotationConfigServletWebServerApplicationContext:596  [32m                  [0;39m Exception encountered during context initialization - cancelling refresh attempt: org.springframework.beans.factory.BeanCreationException: Error creating bean with name 'springApplicationAdminRegistrar' defined in class path resource [org/springframework/boot/autoconfigure/admin/SpringApplicationAdminJmxAutoConfiguration.class]: Invocation of init method failed; nested exception is javax.management.InstanceAlreadyExistsException: org.springframework.boot:type=Admin,name=SpringApplication
2021-04-29 20:35:31.043 INFO  o.s.scheduling.concurrent.ThreadPoolTaskExecutor  :218  [32m                  [0;39m Shutting down ExecutorService 'applicationTaskExecutor'
2021-04-29 20:35:31.044 INFO  org.apache.catalina.core.StandardService          :173  [32m                  [0;39m Stopping service [Tomcat]
2021-04-29 20:35:31.051 INFO  o.s.b.a.l.ConditionEvaluationReportLoggingListener:136  [32m                  [0;39m 

Error starting ApplicationContext. To display the conditions report re-run your application with 'debug' enabled.
2021-04-29 20:35:31.064 ERROR org.springframework.boot.SpringApplication        :856  [32m                  [0;39m Application run failed
org.springframework.beans.factory.BeanCreationException: Error creating bean with name 'springApplicationAdminRegistrar' defined in class path resource [org/springframework/boot/autoconfigure/admin/SpringApplicationAdminJmxAutoConfiguration.class]: Invocation of init method failed; nested exception is javax.management.InstanceAlreadyExistsException: org.springframework.boot:type=Admin,name=SpringApplication
	at org.springframework.beans.factory.support.AbstractAutowireCapableBeanFactory.initializeBean(AbstractAutowireCapableBeanFactory.java:1788)
	at org.springframework.beans.factory.support.AbstractAutowireCapableBeanFactory.doCreateBean(AbstractAutowireCapableBeanFactory.java:609)
	at org.springframework.beans.factory.support.AbstractAutowireCapableBeanFactory.createBean(AbstractAutowireCapableBeanFactory.java:531)
	at org.springframework.beans.factory.support.AbstractBeanFactory.lambda$doGetBean$0(AbstractBeanFactory.java:335)
	at org.springframework.beans.factory.support.DefaultSingletonBeanRegistry.getSingleton(DefaultSingletonBeanRegistry.java:234)
	at org.springframework.beans.factory.support.AbstractBeanFactory.doGetBean(AbstractBeanFactory.java:333)
	at org.springframework.beans.factory.support.AbstractBeanFactory.getBean(AbstractBeanFactory.java:208)
	at org.springframework.beans.factory.support.DefaultListableBeanFactory.preInstantiateSingletons(DefaultListableBeanFactory.java:944)
	at org.springframework.context.support.AbstractApplicationContext.finishBeanFactoryInitialization(AbstractApplicationContext.java:925)
	at org.springframework.context.support.AbstractApplicationContext.refresh(AbstractApplicationContext.java:588)
	at org.springframework.boot.web.servlet.context.ServletWebServerApplicationContext.refresh(ServletWebServerApplicationContext.java:144)
	at org.springframework.boot.SpringApplication.refresh(SpringApplication.java:767)
	at org.springframework.boot.SpringApplication.refresh(SpringApplication.java:759)
	at org.springframework.boot.SpringApplication.refreshContext(SpringApplication.java:426)
	at org.springframework.boot.SpringApplication.run(SpringApplication.java:326)
	at com.xuwen.wiki.config.WikiApplication.main(WikiApplication.java:18)
Caused by: javax.management.InstanceAlreadyExistsException: org.springframework.boot:type=Admin,name=SpringApplication
	at com.sun.jmx.mbeanserver.Repository.addMBean(Repository.java:437)
	at com.sun.jmx.interceptor.DefaultMBeanServerInterceptor.registerWithRepository(DefaultMBeanServerInterceptor.java:1898)
	at com.sun.jmx.interceptor.DefaultMBeanServerInterceptor.registerDynamicMBean(DefaultMBeanServerInterceptor.java:966)
	at com.sun.jmx.interceptor.DefaultMBeanServerInterceptor.registerObject(DefaultMBeanServerInterceptor.java:900)
	at com.sun.jmx.interceptor.DefaultMBeanServerInterceptor.registerMBean(DefaultMBeanServerInterceptor.java:324)
	at com.sun.jmx.mbeanserver.JmxMBeanServer.registerMBean(JmxMBeanServer.java:522)
	at org.springframework.boot.admin.SpringApplicationAdminMXBeanRegistrar.afterPropertiesSet(SpringApplicationAdminMXBeanRegistrar.java:129)
	at org.springframework.beans.factory.support.AbstractAutowireCapableBeanFactory.invokeInitMethods(AbstractAutowireCapableBeanFactory.java:1847)
	at org.springframework.beans.factory.support.AbstractAutowireCapableBeanFactory.initializeBean(AbstractAutowireCapableBeanFactory.java:1784)
	... 15 common frames omitted
2021-04-29 20:36:03.479 INFO  o.s.scheduling.concurrent.ThreadPoolTaskExecutor  :218  [32m                  [0;39m Shutting down ExecutorService 'applicationTaskExecutor'
2021-04-29 20:36:05.989 INFO  com.xuwen.wiki.config.WikiApplication                    :55   [32m                  [0;39m Starting WikiApplication using Java 1.8.0_212 on wen2015mbp.lan with PID 13230 (/Users/xuwen/Desktop/wiki-springboot-vue3/target/classes started by xuwen in /Users/xuwen/Desktop/wiki-springboot-vue3)
2021-04-29 20:36:05.992 INFO  com.xuwen.wiki.config.WikiApplication                    :660  [32m                  [0;39m No active profile set, falling back to default profiles: default
2021-04-29 20:36:06.589 INFO  o.s.boot.web.embedded.tomcat.TomcatWebServer      :108  [32m                  [0;39m Tomcat initialized with port(s): 8080 (http)
2021-04-29 20:36:06.596 INFO  org.apache.coyote.http11.Http11NioProtocol        :173  [32m                  [0;39m Initializing ProtocolHandler ["http-nio-8080"]
2021-04-29 20:36:06.597 INFO  org.apache.catalina.core.StandardService          :173  [32m                  [0;39m Starting service [Tomcat]
2021-04-29 20:36:06.597 INFO  org.apache.catalina.core.StandardEngine           :173  [32m                  [0;39m Starting Servlet engine: [Apache Tomcat/9.0.39]
2021-04-29 20:36:06.641 INFO  o.a.c.core.ContainerBase.[Tomcat].[localhost].[/] :173  [32m                  [0;39m Initializing Spring embedded WebApplicationContext
2021-04-29 20:36:06.641 INFO  o.s.b.w.s.c.ServletWebServerApplicationContext    :289  [32m                  [0;39m Root WebApplicationContext: initialization completed in 616 ms
2021-04-29 20:36:06.763 INFO  o.s.scheduling.concurrent.ThreadPoolTaskExecutor  :181  [32m                  [0;39m Initializing ExecutorService 'applicationTaskExecutor'
2021-04-29 20:36:06.867 INFO  org.apache.coyote.http11.Http11NioProtocol        :173  [32m                  [0;39m Starting ProtocolHandler ["http-nio-8080"]
2021-04-29 20:36:06.893 INFO  o.s.boot.web.embedded.tomcat.TomcatWebServer      :220  [32m                  [0;39m Tomcat started on port(s): 8080 (http) with context path ''
2021-04-29 20:36:06.903 INFO  com.xuwen.wiki.config.WikiApplication                    :61   [32m                  [0;39m Started WikiApplication in 1.256 seconds (JVM running for 1.677)
2021-04-29 20:36:06.906 INFO  com.xuwen.wiki.config.WikiApplication                    :19   [32m                  [0;39m 启动成功！！！
2021-04-29 20:36:06.906 INFO  com.xuwen.wiki.config.WikiApplication                    :20   [32m                  [0;39m 地址：	http://127.0.0.1:8080
2021-04-29 20:41:27.111 INFO  o.s.scheduling.concurrent.ThreadPoolTaskExecutor  :218  [32m                  [0;39m Shutting down ExecutorService 'applicationTaskExecutor'
2021-04-29 20:41:29.693 INFO  com.xuwen.wiki.config.WikiApplication                    :55   [32m                  [0;39m Starting WikiApplication using Java 1.8.0_212 on wen2015mbp.lan with PID 13301 (/Users/xuwen/Desktop/wiki-springboot-vue3/target/classes started by xuwen in /Users/xuwen/Desktop/wiki-springboot-vue3)
2021-04-29 20:41:29.695 INFO  com.xuwen.wiki.config.WikiApplication                    :660  [32m                  [0;39m No active profile set, falling back to default profiles: default
2021-04-29 20:41:30.341 INFO  o.s.boot.web.embedded.tomcat.TomcatWebServer      :108  [32m                  [0;39m Tomcat initialized with port(s): 8080 (http)
2021-04-29 20:41:30.348 INFO  org.apache.coyote.http11.Http11NioProtocol        :173  [32m                  [0;39m Initializing ProtocolHandler ["http-nio-8080"]
2021-04-29 20:41:30.349 INFO  org.apache.catalina.core.StandardService          :173  [32m                  [0;39m Starting service [Tomcat]
2021-04-29 20:41:30.349 INFO  org.apache.catalina.core.StandardEngine           :173  [32m                  [0;39m Starting Servlet engine: [Apache Tomcat/9.0.39]
2021-04-29 20:41:30.395 INFO  o.a.c.core.ContainerBase.[Tomcat].[localhost].[/] :173  [32m                  [0;39m Initializing Spring embedded WebApplicationContext
2021-04-29 20:41:30.396 INFO  o.s.b.w.s.c.ServletWebServerApplicationContext    :289  [32m                  [0;39m Root WebApplicationContext: initialization completed in 670 ms
2021-04-29 20:41:30.520 INFO  o.s.scheduling.concurrent.ThreadPoolTaskExecutor  :181  [32m                  [0;39m Initializing ExecutorService 'applicationTaskExecutor'
2021-04-29 20:41:30.629 INFO  org.apache.coyote.http11.Http11NioProtocol        :173  [32m                  [0;39m Starting ProtocolHandler ["http-nio-8080"]
2021-04-29 20:41:30.654 INFO  o.s.boot.web.embedded.tomcat.TomcatWebServer      :220  [32m                  [0;39m Tomcat started on port(s): 8080 (http) with context path ''
2021-04-29 20:41:30.664 INFO  com.xuwen.wiki.config.WikiApplication                    :61   [32m                  [0;39m Started WikiApplication in 1.31 seconds (JVM running for 1.757)
2021-04-29 20:41:30.666 INFO  com.xuwen.wiki.config.WikiApplication                    :19   [32m                  [0;39m 启动成功！！！
2021-04-29 20:41:30.666 INFO  com.xuwen.wiki.config.WikiApplication                    :20   [32m                  [0;39m 地址：	http://127.0.0.1:8080
2021-04-29 20:41:40.304 INFO  o.a.c.core.ContainerBase.[Tomcat].[localhost].[/] :173  [32m                  [0;39m Initializing Spring DispatcherServlet 'dispatcherServlet'
2021-04-29 20:41:40.305 INFO  org.springframework.web.servlet.DispatcherServlet :525  [32m                  [0;39m Initializing Servlet 'dispatcherServlet'
2021-04-29 20:41:40.306 INFO  org.springframework.web.servlet.DispatcherServlet :547  [32m                  [0;39m Completed initialization in 1 ms
2021-04-29 20:50:55.449 INFO  o.s.scheduling.concurrent.ThreadPoolTaskExecutor  :218  [32m                  [0;39m Shutting down ExecutorService 'applicationTaskExecutor'
