2021-08-18 12:20:59.249 INFO  com.xuwen.wiki.config.WikiApplication             :55   [32m                  [0;39m Starting WikiApplication using Java 1.8.0_212 on wen2015mbp.lan with PID 11687 (/Users/xuwen/Desktop/springboot/wiki-springboot-vue3/target/classes started by xuwen in /Users/xuwen/Desktop/springboot/wiki-springboot-vue3)
2021-08-18 12:20:59.252 INFO  com.xuwen.wiki.config.WikiApplication             :660  [32m                  [0;39m No active profile set, falling back to default profiles: default
2021-08-18 12:20:59.315 INFO  o.s.b.d.env.DevToolsPropertyDefaultsPostProcessor :255  [32m                  [0;39m Devtools property defaults active! Set 'spring.devtools.add-properties' to 'false' to disable
2021-08-18 12:20:59.317 INFO  o.s.b.d.env.DevToolsPropertyDefaultsPostProcessor :255  [32m                  [0;39m For additional web related logging consider setting the 'logging.level.web' property to 'DEBUG'
2021-08-18 12:21:00.338 INFO  o.s.boot.web.embedded.tomcat.TomcatWebServer      :108  [32m                  [0;39m Tomcat initialized with port(s): 8880 (http)
2021-08-18 12:21:00.346 INFO  org.apache.coyote.http11.Http11NioProtocol        :173  [32m                  [0;39m Initializing ProtocolHandler ["http-nio-8880"]
2021-08-18 12:21:00.347 INFO  org.apache.catalina.core.StandardService          :173  [32m                  [0;39m Starting service [Tomcat]
2021-08-18 12:21:00.347 INFO  org.apache.catalina.core.StandardEngine           :173  [32m                  [0;39m Starting Servlet engine: [Apache Tomcat/9.0.39]
2021-08-18 12:21:00.402 INFO  o.a.c.core.ContainerBase.[Tomcat].[localhost].[/] :173  [32m                  [0;39m Initializing Spring embedded WebApplicationContext
2021-08-18 12:21:00.403 INFO  o.s.b.w.s.c.ServletWebServerApplicationContext    :289  [32m                  [0;39m Root WebApplicationContext: initialization completed in 1084 ms
2021-08-18 12:21:00.909 INFO  o.s.scheduling.concurrent.ThreadPoolTaskExecutor  :181  [32m                  [0;39m Initializing ExecutorService 'applicationTaskExecutor'
2021-08-18 12:21:01.149 INFO  o.s.b.d.autoconfigure.OptionalLiveReloadServer    :58   [32m                  [0;39m LiveReload server is running on port 35729
2021-08-18 12:21:01.168 INFO  org.apache.coyote.http11.Http11NioProtocol        :173  [32m                  [0;39m Starting ProtocolHandler ["http-nio-8880"]
2021-08-18 12:21:01.197 INFO  o.s.boot.web.embedded.tomcat.TomcatWebServer      :220  [32m                  [0;39m Tomcat started on port(s): 8880 (http) with context path ''
2021-08-18 12:21:01.210 INFO  com.xuwen.wiki.config.WikiApplication             :61   [32m                  [0;39m Started WikiApplication in 2.417 seconds (JVM running for 3.03)
2021-08-18 12:21:01.213 INFO  com.xuwen.wiki.config.WikiApplication             :23   [32m                  [0;39m 启动成功！！！success
2021-08-18 12:21:01.213 INFO  com.xuwen.wiki.config.WikiApplication             :24   [32m                  [0;39m 地址：	http://127.0.0.1:8880
2021-08-18 12:21:03.470 INFO  o.a.c.core.ContainerBase.[Tomcat].[localhost].[/] :173  [32m                  [0;39m Initializing Spring DispatcherServlet 'dispatcherServlet'
2021-08-18 12:21:03.470 INFO  org.springframework.web.servlet.DispatcherServlet :525  [32m                  [0;39m Initializing Servlet 'dispatcherServlet'
2021-08-18 12:21:03.472 INFO  org.springframework.web.servlet.DispatcherServlet :547  [32m                  [0;39m Completed initialization in 1 ms
2021-08-18 12:21:08.144 INFO  com.zaxxer.hikari.HikariDataSource                :110  [32m                  [0;39m HikariPool-1 - Starting...
2021-08-18 12:21:08.386 INFO  com.zaxxer.hikari.HikariDataSource                :123  [32m                  [0;39m HikariPool-1 - Start completed.
